// Validating benchmarks:
// ***** BenchmarkRunner: Start   *****
// ***** Found 12 benchmark(s) in total *****
// ***** Building 1 exe(s) in Parallel: Start   *****
// start dotnet restore  /p:UseSharedCompilation=false /p:BuildInParallel=false /m:1 in D:\benchmarks\SerializerDictSupport\bin\Release\netcoreapp3.0\3258e50f-1b81-4e82-a5b3-80151e0d18cb
// command took 1.77s and exited with 0
// start dotnet build -c Release  --no-restore /p:UseSharedCompilation=false /p:BuildInParallel=false /m:1 in D:\benchmarks\SerializerDictSupport\bin\Release\netcoreapp3.0\3258e50f-1b81-4e82-a5b3-80151e0d18cb
// command took 2.52s and exited with 0
// ***** Done, took 00:00:04 (4.4 sec)   *****
// Found 12 benchmarks:
//   JsonDotNet_DictionaryPerf.DeserializeDict: DefaultJob
//   JsonDotNet_DictionaryPerf.DeserializeIDict: DefaultJob
//   JsonDotNet_DictionaryPerf.DeserializeIReadOnlyDict: DefaultJob
//   JsonDotNet_DictionaryPerf.SerializeDict_ToString: DefaultJob
//   JsonDotNet_DictionaryPerf.SerializeIDict_ToString: DefaultJob
//   JsonDotNet_DictionaryPerf.SerializeIReadOnlyDict_ToString: DefaultJob
//   JsonDotNet_DictionaryPerf.DeserializeImmutableDict: DefaultJob
//   JsonDotNet_DictionaryPerf.DeserializeIImmutableDict: DefaultJob
//   JsonDotNet_DictionaryPerf.DeserializeImmutableSortedDict: DefaultJob
//   JsonDotNet_DictionaryPerf.SerializeImmutableDict_ToString: DefaultJob
//   JsonDotNet_DictionaryPerf.SerializeIImmutableDict_ToString: DefaultJob
//   JsonDotNet_DictionaryPerf.SerializeImmutableSortedDict_ToString: DefaultJob

Setup power plan (GUID: 8c5e7fda-e8bf-4a96-9a85-a6e23a8c635c FriendlyName: High performance)// **************************
// Benchmark: JsonDotNet_DictionaryPerf.DeserializeDict: DefaultJob
// *** Execute ***
// Launch: 1 / 1
// Execute: dotnet "3258e50f-1b81-4e82-a5b3-80151e0d18cb.dll" --benchmarkName "SerializerDictSupport.JsonDotNet_DictionaryPerf.DeserializeDict" --job "Default" --benchmarkId 0 in D:\benchmarks\SerializerDictSupport\bin\Release\netcoreapp3.0\3258e50f-1b81-4e82-a5b3-80151e0d18cb\bin\Release\netcoreapp3.0
// BeforeAnythingElse

// Benchmark Process Environment Information:
// Runtime=.NET Core 3.0.0-preview6-27729-05 (CoreCLR 4.700.19.27901, CoreFX 4.700.19.27903), 64bit RyuJIT
// GC=Concurrent Workstation
// Job: DefaultJob

OverheadJitting  1: 1 op, 315200.00 ns, 315.2000 us/op
WorkloadJitting  1: 1 op, 115997000.00 ns, 115.9970 ms/op

WorkloadPilot    1: 2 op, 34400.00 ns, 17.2000 us/op
WorkloadPilot    2: 3 op, 36300.00 ns, 12.1000 us/op
WorkloadPilot    3: 4 op, 55600.00 ns, 13.9000 us/op
WorkloadPilot    4: 5 op, 37400.00 ns, 7.4800 us/op
WorkloadPilot    5: 6 op, 35200.00 ns, 5.8667 us/op
WorkloadPilot    6: 7 op, 21300.00 ns, 3.0429 us/op
WorkloadPilot    7: 8 op, 21000.00 ns, 2.6250 us/op
WorkloadPilot    8: 9 op, 23500.00 ns, 2.6111 us/op
WorkloadPilot    9: 10 op, 53000.00 ns, 5.3000 us/op
WorkloadPilot   10: 11 op, 41500.00 ns, 3.7727 us/op
WorkloadPilot   11: 12 op, 31800.00 ns, 2.6500 us/op
WorkloadPilot   12: 13 op, 59400.00 ns, 4.5692 us/op
WorkloadPilot   13: 14 op, 46700.00 ns, 3.3357 us/op
WorkloadPilot   14: 15 op, 44700.00 ns, 2.9800 us/op
WorkloadPilot   15: 16 op, 53500.00 ns, 3.3438 us/op
WorkloadPilot   16: 32 op, 197400.00 ns, 6.1688 us/op
WorkloadPilot   17: 64 op, 362600.00 ns, 5.6656 us/op
WorkloadPilot   18: 128 op, 446000.00 ns, 3.4844 us/op
WorkloadPilot   19: 256 op, 997500.00 ns, 3.8965 us/op
WorkloadPilot   20: 512 op, 1458500.00 ns, 2.8486 us/op
WorkloadPilot   21: 1024 op, 3025300.00 ns, 2.9544 us/op
WorkloadPilot   22: 2048 op, 5060400.00 ns, 2.4709 us/op
WorkloadPilot   23: 4096 op, 7425300.00 ns, 1.8128 us/op
WorkloadPilot   24: 8192 op, 17711400.00 ns, 2.1620 us/op
WorkloadPilot   25: 16384 op, 31428900.00 ns, 1.9183 us/op
WorkloadPilot   26: 32768 op, 58428900.00 ns, 1.7831 us/op
WorkloadPilot   27: 65536 op, 80308700.00 ns, 1.2254 us/op
WorkloadPilot   28: 131072 op, 127079900.00 ns, 969.5427 ns/op
WorkloadPilot   29: 262144 op, 247606500.00 ns, 944.5438 ns/op
WorkloadPilot   30: 524288 op, 496993200.00 ns, 947.9393 ns/op
WorkloadPilot   31: 1048576 op, 981027100.00 ns, 935.5803 ns/op

WorkloadWarmup   1: 1048576 op, 992206300.00 ns, 946.2417 ns/op
WorkloadWarmup   2: 1048576 op, 989086900.00 ns, 943.2668 ns/op
WorkloadWarmup   3: 1048576 op, 983388200.00 ns, 937.8321 ns/op
WorkloadWarmup   4: 1048576 op, 981688400.00 ns, 936.2110 ns/op
WorkloadWarmup   5: 1048576 op, 990775500.00 ns, 944.8771 ns/op
WorkloadWarmup   6: 1048576 op, 993511700.00 ns, 947.4866 ns/op
WorkloadWarmup   7: 1048576 op, 992130800.00 ns, 946.1697 ns/op
WorkloadWarmup   8: 1048576 op, 990204100.00 ns, 944.3322 ns/op
WorkloadWarmup   9: 1048576 op, 997364900.00 ns, 951.1613 ns/op
WorkloadWarmup  10: 1048576 op, 984670200.00 ns, 939.0547 ns/op

// BeforeActualRun
WorkloadActual   1: 1048576 op, 987950100.00 ns, 942.1826 ns/op
WorkloadActual   2: 1048576 op, 1001123200.00 ns, 954.7455 ns/op
WorkloadActual   3: 1048576 op, 994805100.00 ns, 948.7201 ns/op
WorkloadActual   4: 1048576 op, 993696600.00 ns, 947.6629 ns/op
WorkloadActual   5: 1048576 op, 997334400.00 ns, 951.1322 ns/op
WorkloadActual   6: 1048576 op, 995278200.00 ns, 949.1713 ns/op
WorkloadActual   7: 1048576 op, 1000124300.00 ns, 953.7929 ns/op
WorkloadActual   8: 1048576 op, 995836000.00 ns, 949.7032 ns/op
WorkloadActual   9: 1048576 op, 995848300.00 ns, 949.7149 ns/op
WorkloadActual  10: 1048576 op, 994567900.00 ns, 948.4939 ns/op
WorkloadActual  11: 1048576 op, 998082300.00 ns, 951.8455 ns/op
WorkloadActual  12: 1048576 op, 1334321400.00 ns, 1.2725 us/op
WorkloadActual  13: 1048576 op, 985887500.00 ns, 940.2156 ns/op
WorkloadActual  14: 1048576 op, 986498300.00 ns, 940.7981 ns/op
WorkloadActual  15: 1048576 op, 993768000.00 ns, 947.7310 ns/op

// AfterActualRun
WorkloadResult   1: 1048576 op, 987950100.00 ns, 942.1826 ns/op
WorkloadResult   2: 1048576 op, 1001123200.00 ns, 954.7455 ns/op
WorkloadResult   3: 1048576 op, 994805100.00 ns, 948.7201 ns/op
WorkloadResult   4: 1048576 op, 993696600.00 ns, 947.6629 ns/op
WorkloadResult   5: 1048576 op, 997334400.00 ns, 951.1322 ns/op
WorkloadResult   6: 1048576 op, 995278200.00 ns, 949.1713 ns/op
WorkloadResult   7: 1048576 op, 1000124300.00 ns, 953.7929 ns/op
WorkloadResult   8: 1048576 op, 995836000.00 ns, 949.7032 ns/op
WorkloadResult   9: 1048576 op, 995848300.00 ns, 949.7149 ns/op
WorkloadResult  10: 1048576 op, 994567900.00 ns, 948.4939 ns/op
WorkloadResult  11: 1048576 op, 998082300.00 ns, 951.8455 ns/op
WorkloadResult  12: 1048576 op, 985887500.00 ns, 940.2156 ns/op
WorkloadResult  13: 1048576 op, 986498300.00 ns, 940.7981 ns/op
WorkloadResult  14: 1048576 op, 993768000.00 ns, 947.7310 ns/op
GC:  735 0 0 3078619136 1048576

// AfterAll

Mean = 948.2793 ns, StdErr = 1.1884 ns (0.13%); N = 14, StdDev = 4.4466 ns
Min = 940.2156 ns, Q1 = 947.6629 ns, Median = 948.9457 ns, Q3 = 951.1322 ns, Max = 954.7455 ns
IQR = 3.4693 ns, LowerFence = 942.4590 ns, UpperFence = 956.3361 ns
ConfidenceInterval = [943.2633 ns; 953.2953 ns] (CI 99.9%), Margin = 5.0160 ns (0.53% of Mean)
Skewness = -0.53, Kurtosis = 2.13, MValue = 2

// **************************
// Benchmark: JsonDotNet_DictionaryPerf.DeserializeIDict: DefaultJob
// *** Execute ***
// Launch: 1 / 1
// Execute: dotnet "3258e50f-1b81-4e82-a5b3-80151e0d18cb.dll" --benchmarkName "SerializerDictSupport.JsonDotNet_DictionaryPerf.DeserializeIDict" --job "Default" --benchmarkId 1 in D:\benchmarks\SerializerDictSupport\bin\Release\netcoreapp3.0\3258e50f-1b81-4e82-a5b3-80151e0d18cb\bin\Release\netcoreapp3.0
// BeforeAnythingElse

// Benchmark Process Environment Information:
// Runtime=.NET Core 3.0.0-preview6-27729-05 (CoreCLR 4.700.19.27901, CoreFX 4.700.19.27903), 64bit RyuJIT
// GC=Concurrent Workstation
// Job: DefaultJob

OverheadJitting  1: 1 op, 370600.00 ns, 370.6000 us/op
WorkloadJitting  1: 1 op, 66187100.00 ns, 66.1871 ms/op

WorkloadPilot    1: 2 op, 31300.00 ns, 15.6500 us/op
WorkloadPilot    2: 3 op, 22700.00 ns, 7.5667 us/op
WorkloadPilot    3: 4 op, 27200.00 ns, 6.8000 us/op
WorkloadPilot    4: 5 op, 26300.00 ns, 5.2600 us/op
WorkloadPilot    5: 6 op, 30000.00 ns, 5.0000 us/op
WorkloadPilot    6: 7 op, 21600.00 ns, 3.0857 us/op
WorkloadPilot    7: 8 op, 27200.00 ns, 3.4000 us/op
WorkloadPilot    8: 9 op, 23800.00 ns, 2.6444 us/op
WorkloadPilot    9: 10 op, 24000.00 ns, 2.4000 us/op
WorkloadPilot   10: 11 op, 28700.00 ns, 2.6091 us/op
WorkloadPilot   11: 12 op, 29400.00 ns, 2.4500 us/op
WorkloadPilot   12: 13 op, 32900.00 ns, 2.5308 us/op
WorkloadPilot   13: 14 op, 44900.00 ns, 3.2071 us/op
WorkloadPilot   14: 15 op, 48200.00 ns, 3.2133 us/op
WorkloadPilot   15: 16 op, 63200.00 ns, 3.9500 us/op
WorkloadPilot   16: 32 op, 74500.00 ns, 2.3281 us/op
WorkloadPilot   17: 64 op, 162900.00 ns, 2.5453 us/op
WorkloadPilot   18: 128 op, 460000.00 ns, 3.5938 us/op
WorkloadPilot   19: 256 op, 725500.00 ns, 2.8340 us/op
WorkloadPilot   20: 512 op, 1256600.00 ns, 2.4543 us/op
WorkloadPilot   21: 1024 op, 2751100.00 ns, 2.6866 us/op
WorkloadPilot   22: 2048 op, 4120400.00 ns, 2.0119 us/op
WorkloadPilot   23: 4096 op, 10136300.00 ns, 2.4747 us/op
WorkloadPilot   24: 8192 op, 15617000.00 ns, 1.9064 us/op
WorkloadPilot   25: 16384 op, 30405100.00 ns, 1.8558 us/op
WorkloadPilot   26: 32768 op, 56010800.00 ns, 1.7093 us/op
WorkloadPilot   27: 65536 op, 65884100.00 ns, 1.0053 us/op
WorkloadPilot   28: 131072 op, 126799400.00 ns, 967.4026 ns/op
WorkloadPilot   29: 262144 op, 254697800.00 ns, 971.5950 ns/op
WorkloadPilot   30: 524288 op, 509718700.00 ns, 972.2113 ns/op

WorkloadWarmup   1: 524288 op, 507987800.00 ns, 968.9098 ns/op
WorkloadWarmup   2: 524288 op, 509386300.00 ns, 971.5773 ns/op
WorkloadWarmup   3: 524288 op, 511016400.00 ns, 974.6864 ns/op
WorkloadWarmup   4: 524288 op, 500499900.00 ns, 954.6278 ns/op
WorkloadWarmup   5: 524288 op, 523504200.00 ns, 998.5050 ns/op
WorkloadWarmup   6: 524288 op, 504768300.00 ns, 962.7691 ns/op

// BeforeActualRun
WorkloadActual   1: 524288 op, 504069600.00 ns, 961.4365 ns/op
WorkloadActual   2: 524288 op, 507789100.00 ns, 968.5308 ns/op
WorkloadActual   3: 524288 op, 504840200.00 ns, 962.9063 ns/op
WorkloadActual   4: 524288 op, 508617400.00 ns, 970.1107 ns/op
WorkloadActual   5: 524288 op, 501323200.00 ns, 956.1981 ns/op
WorkloadActual   6: 524288 op, 514132600.00 ns, 980.6301 ns/op
WorkloadActual   7: 524288 op, 503275100.00 ns, 959.9211 ns/op
WorkloadActual   8: 524288 op, 502926600.00 ns, 959.2564 ns/op
WorkloadActual   9: 524288 op, 504712900.00 ns, 962.6635 ns/op
WorkloadActual  10: 524288 op, 502394400.00 ns, 958.2413 ns/op
WorkloadActual  11: 524288 op, 500488300.00 ns, 954.6057 ns/op
WorkloadActual  12: 524288 op, 498542700.00 ns, 950.8947 ns/op
WorkloadActual  13: 524288 op, 501706300.00 ns, 956.9288 ns/op
WorkloadActual  14: 524288 op, 500862200.00 ns, 955.3188 ns/op
WorkloadActual  15: 524288 op, 497605000.00 ns, 949.1062 ns/op

// AfterActualRun
WorkloadResult   1: 524288 op, 504069600.00 ns, 961.4365 ns/op
WorkloadResult   2: 524288 op, 507789100.00 ns, 968.5308 ns/op
WorkloadResult   3: 524288 op, 504840200.00 ns, 962.9063 ns/op
WorkloadResult   4: 524288 op, 508617400.00 ns, 970.1107 ns/op
WorkloadResult   5: 524288 op, 501323200.00 ns, 956.1981 ns/op
WorkloadResult   6: 524288 op, 503275100.00 ns, 959.9211 ns/op
WorkloadResult   7: 524288 op, 502926600.00 ns, 959.2564 ns/op
WorkloadResult   8: 524288 op, 504712900.00 ns, 962.6635 ns/op
WorkloadResult   9: 524288 op, 502394400.00 ns, 958.2413 ns/op
WorkloadResult  10: 524288 op, 500488300.00 ns, 954.6057 ns/op
WorkloadResult  11: 524288 op, 498542700.00 ns, 950.8947 ns/op
WorkloadResult  12: 524288 op, 501706300.00 ns, 956.9288 ns/op
WorkloadResult  13: 524288 op, 500862200.00 ns, 955.3188 ns/op
WorkloadResult  14: 524288 op, 497605000.00 ns, 949.1062 ns/op
GC:  367 0 0 1539309568 524288

// AfterAll

Mean = 959.0085 ns, StdErr = 1.5880 ns (0.17%); N = 14, StdDev = 5.9419 ns
Min = 949.1062 ns, Q1 = 955.3188 ns, Median = 958.7488 ns, Q3 = 962.6635 ns, Max = 970.1107 ns
IQR = 7.3446 ns, LowerFence = 944.3019 ns, UpperFence = 973.6804 ns
ConfidenceInterval = [952.3057 ns; 965.7113 ns] (CI 99.9%), Margin = 6.7028 ns (0.70% of Mean)
Skewness = 0.23, Kurtosis = 2.2, MValue = 2

// **************************
// Benchmark: JsonDotNet_DictionaryPerf.DeserializeIReadOnlyDict: DefaultJob
// *** Execute ***
// Launch: 1 / 1
// Execute: dotnet "3258e50f-1b81-4e82-a5b3-80151e0d18cb.dll" --benchmarkName "SerializerDictSupport.JsonDotNet_DictionaryPerf.DeserializeIReadOnlyDict" --job "Default" --benchmarkId 2 in D:\benchmarks\SerializerDictSupport\bin\Release\netcoreapp3.0\3258e50f-1b81-4e82-a5b3-80151e0d18cb\bin\Release\netcoreapp3.0
// BeforeAnythingElse

// Benchmark Process Environment Information:
// Runtime=.NET Core 3.0.0-preview6-27729-05 (CoreCLR 4.700.19.27901, CoreFX 4.700.19.27903), 64bit RyuJIT
// GC=Concurrent Workstation
// Job: DefaultJob

OverheadJitting  1: 1 op, 384100.00 ns, 384.1000 us/op
WorkloadJitting  1: 1 op, 74660200.00 ns, 74.6602 ms/op

WorkloadPilot    1: 2 op, 35900.00 ns, 17.9500 us/op
WorkloadPilot    2: 3 op, 17800.00 ns, 5.9333 us/op
WorkloadPilot    3: 4 op, 30600.00 ns, 7.6500 us/op
WorkloadPilot    4: 5 op, 45500.00 ns, 9.1000 us/op
WorkloadPilot    5: 6 op, 21300.00 ns, 3.5500 us/op
WorkloadPilot    6: 7 op, 21000.00 ns, 3.0000 us/op
WorkloadPilot    7: 8 op, 24800.00 ns, 3.1000 us/op
WorkloadPilot    8: 9 op, 23400.00 ns, 2.6000 us/op
WorkloadPilot    9: 10 op, 27100.00 ns, 2.7100 us/op
WorkloadPilot   10: 11 op, 31100.00 ns, 2.8273 us/op
WorkloadPilot   11: 12 op, 31100.00 ns, 2.5917 us/op
WorkloadPilot   12: 13 op, 57500.00 ns, 4.4231 us/op
WorkloadPilot   13: 14 op, 42300.00 ns, 3.0214 us/op
WorkloadPilot   14: 15 op, 43400.00 ns, 2.8933 us/op
WorkloadPilot   15: 16 op, 62000.00 ns, 3.8750 us/op
WorkloadPilot   16: 32 op, 80300.00 ns, 2.5094 us/op
WorkloadPilot   17: 64 op, 161800.00 ns, 2.5281 us/op
WorkloadPilot   18: 128 op, 475400.00 ns, 3.7141 us/op
WorkloadPilot   19: 256 op, 712400.00 ns, 2.7828 us/op
WorkloadPilot   20: 512 op, 1397400.00 ns, 2.7293 us/op
WorkloadPilot   21: 1024 op, 2645100.00 ns, 2.5831 us/op
WorkloadPilot   22: 2048 op, 4338200.00 ns, 2.1183 us/op
WorkloadPilot   23: 4096 op, 8870000.00 ns, 2.1655 us/op
WorkloadPilot   24: 8192 op, 17185800.00 ns, 2.0979 us/op
WorkloadPilot   25: 16384 op, 31855300.00 ns, 1.9443 us/op
WorkloadPilot   26: 32768 op, 55096500.00 ns, 1.6814 us/op
WorkloadPilot   27: 65536 op, 69530500.00 ns, 1.0610 us/op
WorkloadPilot   28: 131072 op, 132840000.00 ns, 1.0135 us/op
WorkloadPilot   29: 262144 op, 265534400.00 ns, 1.0129 us/op
WorkloadPilot   30: 524288 op, 531750500.00 ns, 1.0142 us/op

WorkloadWarmup   1: 524288 op, 535205800.00 ns, 1.0208 us/op
WorkloadWarmup   2: 524288 op, 532027600.00 ns, 1.0148 us/op
WorkloadWarmup   3: 524288 op, 528411800.00 ns, 1.0079 us/op
WorkloadWarmup   4: 524288 op, 533600600.00 ns, 1.0178 us/op
WorkloadWarmup   5: 524288 op, 530663900.00 ns, 1.0122 us/op
WorkloadWarmup   6: 524288 op, 531809900.00 ns, 1.0143 us/op
WorkloadWarmup   7: 524288 op, 550470900.00 ns, 1.0499 us/op
WorkloadWarmup   8: 524288 op, 546292700.00 ns, 1.0420 us/op

// BeforeActualRun
WorkloadActual   1: 524288 op, 532174600.00 ns, 1.0150 us/op
WorkloadActual   2: 524288 op, 529596700.00 ns, 1.0101 us/op
WorkloadActual   3: 524288 op, 532108500.00 ns, 1.0149 us/op
WorkloadActual   4: 524288 op, 529665900.00 ns, 1.0103 us/op
WorkloadActual   5: 524288 op, 529805100.00 ns, 1.0105 us/op
WorkloadActual   6: 524288 op, 527088000.00 ns, 1.0053 us/op
WorkloadActual   7: 524288 op, 529865600.00 ns, 1.0106 us/op
WorkloadActual   8: 524288 op, 532220900.00 ns, 1.0151 us/op
WorkloadActual   9: 524288 op, 529223300.00 ns, 1.0094 us/op
WorkloadActual  10: 524288 op, 531081700.00 ns, 1.0130 us/op
WorkloadActual  11: 524288 op, 529011800.00 ns, 1.0090 us/op
WorkloadActual  12: 524288 op, 530446300.00 ns, 1.0117 us/op
WorkloadActual  13: 524288 op, 528774700.00 ns, 1.0086 us/op
WorkloadActual  14: 524288 op, 529501700.00 ns, 1.0099 us/op
WorkloadActual  15: 524288 op, 528353100.00 ns, 1.0078 us/op

// AfterActualRun
WorkloadResult   1: 524288 op, 532174600.00 ns, 1.0150 us/op
WorkloadResult   2: 524288 op, 529596700.00 ns, 1.0101 us/op
WorkloadResult   3: 524288 op, 532108500.00 ns, 1.0149 us/op
WorkloadResult   4: 524288 op, 529665900.00 ns, 1.0103 us/op
WorkloadResult   5: 524288 op, 529805100.00 ns, 1.0105 us/op
WorkloadResult   6: 524288 op, 527088000.00 ns, 1.0053 us/op
WorkloadResult   7: 524288 op, 529865600.00 ns, 1.0106 us/op
WorkloadResult   8: 524288 op, 532220900.00 ns, 1.0151 us/op
WorkloadResult   9: 524288 op, 529223300.00 ns, 1.0094 us/op
WorkloadResult  10: 524288 op, 531081700.00 ns, 1.0130 us/op
WorkloadResult  11: 524288 op, 529011800.00 ns, 1.0090 us/op
WorkloadResult  12: 524288 op, 530446300.00 ns, 1.0117 us/op
WorkloadResult  13: 524288 op, 528774700.00 ns, 1.0086 us/op
WorkloadResult  14: 524288 op, 529501700.00 ns, 1.0099 us/op
WorkloadResult  15: 524288 op, 528353100.00 ns, 1.0078 us/op
GC:  376 0 0 1577058304 524288

// AfterAll

Mean = 1.0108 us, StdErr = 0.0007 us (0.07%); N = 15, StdDev = 0.0028 us
Min = 1.0053 us, Q1 = 1.0090 us, Median = 1.0103 us, Q3 = 1.0130 us, Max = 1.0151 us
IQR = 0.0039 us, LowerFence = 1.0031 us, UpperFence = 1.0189 us
ConfidenceInterval = [1.0078 us; 1.0138 us] (CI 99.9%), Margin = 0.0030 us (0.30% of Mean)
Skewness = 0.12, Kurtosis = 2.16, MValue = 2

// **************************
// Benchmark: JsonDotNet_DictionaryPerf.SerializeDict_ToString: DefaultJob
// *** Execute ***
// Launch: 1 / 1
// Execute: dotnet "3258e50f-1b81-4e82-a5b3-80151e0d18cb.dll" --benchmarkName "SerializerDictSupport.JsonDotNet_DictionaryPerf.SerializeDict_ToString" --job "Default" --benchmarkId 3 in D:\benchmarks\SerializerDictSupport\bin\Release\netcoreapp3.0\3258e50f-1b81-4e82-a5b3-80151e0d18cb\bin\Release\netcoreapp3.0
// BeforeAnythingElse

// Benchmark Process Environment Information:
// Runtime=.NET Core 3.0.0-preview6-27729-05 (CoreCLR 4.700.19.27901, CoreFX 4.700.19.27903), 64bit RyuJIT
// GC=Concurrent Workstation
// Job: DefaultJob

OverheadJitting  1: 1 op, 473700.00 ns, 473.7000 us/op
WorkloadJitting  1: 1 op, 66102600.00 ns, 66.1026 ms/op

WorkloadPilot    1: 2 op, 43600.00 ns, 21.8000 us/op
WorkloadPilot    2: 3 op, 11500.00 ns, 3.8333 us/op
WorkloadPilot    3: 4 op, 29400.00 ns, 7.3500 us/op
WorkloadPilot    4: 5 op, 44600.00 ns, 8.9200 us/op
WorkloadPilot    5: 6 op, 18800.00 ns, 3.1333 us/op
WorkloadPilot    6: 7 op, 16100.00 ns, 2.3000 us/op
WorkloadPilot    7: 8 op, 15900.00 ns, 1.9875 us/op
WorkloadPilot    8: 9 op, 21700.00 ns, 2.4111 us/op
WorkloadPilot    9: 10 op, 19500.00 ns, 1.9500 us/op
WorkloadPilot   10: 11 op, 24000.00 ns, 2.1818 us/op
WorkloadPilot   11: 12 op, 21500.00 ns, 1.7917 us/op
WorkloadPilot   12: 13 op, 29700.00 ns, 2.2846 us/op
WorkloadPilot   13: 14 op, 24100.00 ns, 1.7214 us/op
WorkloadPilot   14: 15 op, 24200.00 ns, 1.6133 us/op
WorkloadPilot   15: 16 op, 50600.00 ns, 3.1625 us/op
WorkloadPilot   16: 32 op, 61000.00 ns, 1.9062 us/op
WorkloadPilot   17: 64 op, 132700.00 ns, 2.0734 us/op
WorkloadPilot   18: 128 op, 258000.00 ns, 2.0156 us/op
WorkloadPilot   19: 256 op, 383900.00 ns, 1.4996 us/op
WorkloadPilot   20: 512 op, 838100.00 ns, 1.6369 us/op
WorkloadPilot   21: 1024 op, 1746100.00 ns, 1.7052 us/op
WorkloadPilot   22: 2048 op, 3262500.00 ns, 1.5930 us/op
WorkloadPilot   23: 4096 op, 6920900.00 ns, 1.6897 us/op
WorkloadPilot   24: 8192 op, 10371000.00 ns, 1.2660 us/op
WorkloadPilot   25: 16384 op, 21860400.00 ns, 1.3343 us/op
WorkloadPilot   26: 32768 op, 41001600.00 ns, 1.2513 us/op
WorkloadPilot   27: 65536 op, 64085300.00 ns, 977.8641 ns/op
WorkloadPilot   28: 131072 op, 103655200.00 ns, 790.8264 ns/op
WorkloadPilot   29: 262144 op, 201349800.00 ns, 768.0885 ns/op
WorkloadPilot   30: 524288 op, 318623700.00 ns, 607.7265 ns/op
WorkloadPilot   31: 1048576 op, 621622800.00 ns, 592.8257 ns/op

WorkloadWarmup   1: 1048576 op, 626569900.00 ns, 597.5436 ns/op
WorkloadWarmup   2: 1048576 op, 624738800.00 ns, 595.7973 ns/op
WorkloadWarmup   3: 1048576 op, 625733200.00 ns, 596.7457 ns/op
WorkloadWarmup   4: 1048576 op, 625699200.00 ns, 596.7133 ns/op
WorkloadWarmup   5: 1048576 op, 624921400.00 ns, 595.9715 ns/op
WorkloadWarmup   6: 1048576 op, 624049200.00 ns, 595.1397 ns/op
WorkloadWarmup   7: 1048576 op, 624297500.00 ns, 595.3765 ns/op
WorkloadWarmup   8: 1048576 op, 622807400.00 ns, 593.9554 ns/op

// BeforeActualRun
WorkloadActual   1: 1048576 op, 624108900.00 ns, 595.1966 ns/op
WorkloadActual   2: 1048576 op, 620864300.00 ns, 592.1023 ns/op
WorkloadActual   3: 1048576 op, 622956200.00 ns, 594.0973 ns/op
WorkloadActual   4: 1048576 op, 620118600.00 ns, 591.3912 ns/op
WorkloadActual   5: 1048576 op, 620457200.00 ns, 591.7141 ns/op
WorkloadActual   6: 1048576 op, 622787700.00 ns, 593.9366 ns/op
WorkloadActual   7: 1048576 op, 622924000.00 ns, 594.0666 ns/op
WorkloadActual   8: 1048576 op, 620618700.00 ns, 591.8681 ns/op
WorkloadActual   9: 1048576 op, 623493800.00 ns, 594.6100 ns/op
WorkloadActual  10: 1048576 op, 624253600.00 ns, 595.3346 ns/op
WorkloadActual  11: 1048576 op, 620971300.00 ns, 592.2044 ns/op
WorkloadActual  12: 1048576 op, 622748200.00 ns, 593.8990 ns/op
WorkloadActual  13: 1048576 op, 623009800.00 ns, 594.1484 ns/op
WorkloadActual  14: 1048576 op, 804733400.00 ns, 767.4536 ns/op
WorkloadActual  15: 1048576 op, 623300400.00 ns, 594.4256 ns/op

// AfterActualRun
WorkloadResult   1: 1048576 op, 624108900.00 ns, 595.1966 ns/op
WorkloadResult   2: 1048576 op, 620864300.00 ns, 592.1023 ns/op
WorkloadResult   3: 1048576 op, 622956200.00 ns, 594.0973 ns/op
WorkloadResult   4: 1048576 op, 620118600.00 ns, 591.3912 ns/op
WorkloadResult   5: 1048576 op, 620457200.00 ns, 591.7141 ns/op
WorkloadResult   6: 1048576 op, 622787700.00 ns, 593.9366 ns/op
WorkloadResult   7: 1048576 op, 622924000.00 ns, 594.0666 ns/op
WorkloadResult   8: 1048576 op, 620618700.00 ns, 591.8681 ns/op
WorkloadResult   9: 1048576 op, 623493800.00 ns, 594.6100 ns/op
WorkloadResult  10: 1048576 op, 624253600.00 ns, 595.3346 ns/op
WorkloadResult  11: 1048576 op, 620971300.00 ns, 592.2044 ns/op
WorkloadResult  12: 1048576 op, 622748200.00 ns, 593.8990 ns/op
WorkloadResult  13: 1048576 op, 623009800.00 ns, 594.1484 ns/op
WorkloadResult  14: 1048576 op, 623300400.00 ns, 594.4256 ns/op
GC:  361 0 0 1509949440 1048576

// AfterAll

Mean = 593.4996 ns, StdErr = 0.3610 ns (0.06%); N = 14, StdDev = 1.3506 ns
Min = 591.3912 ns, Q1 = 592.1023 ns, Median = 594.0016 ns, Q3 = 594.4256 ns, Max = 595.3346 ns
IQR = 2.3232 ns, LowerFence = 588.6175 ns, UpperFence = 597.9105 ns
ConfidenceInterval = [591.9761 ns; 595.0232 ns] (CI 99.9%), Margin = 1.5236 ns (0.26% of Mean)
Skewness = -0.3, Kurtosis = 1.42, MValue = 2

// **************************
// Benchmark: JsonDotNet_DictionaryPerf.SerializeIDict_ToString: DefaultJob
// *** Execute ***
// Launch: 1 / 1
// Execute: dotnet "3258e50f-1b81-4e82-a5b3-80151e0d18cb.dll" --benchmarkName "SerializerDictSupport.JsonDotNet_DictionaryPerf.SerializeIDict_ToString" --job "Default" --benchmarkId 4 in D:\benchmarks\SerializerDictSupport\bin\Release\netcoreapp3.0\3258e50f-1b81-4e82-a5b3-80151e0d18cb\bin\Release\netcoreapp3.0
// BeforeAnythingElse

// Benchmark Process Environment Information:
// Runtime=.NET Core 3.0.0-preview6-27729-05 (CoreCLR 4.700.19.27901, CoreFX 4.700.19.27903), 64bit RyuJIT
// GC=Concurrent Workstation
// Job: DefaultJob

OverheadJitting  1: 1 op, 362400.00 ns, 362.4000 us/op
WorkloadJitting  1: 1 op, 66816400.00 ns, 66.8164 ms/op

WorkloadPilot    1: 2 op, 34400.00 ns, 17.2000 us/op
WorkloadPilot    2: 3 op, 13800.00 ns, 4.6000 us/op
WorkloadPilot    3: 4 op, 26300.00 ns, 6.5750 us/op
WorkloadPilot    4: 5 op, 53000.00 ns, 10.6000 us/op
WorkloadPilot    5: 6 op, 30500.00 ns, 5.0833 us/op
WorkloadPilot    6: 7 op, 29800.00 ns, 4.2571 us/op
WorkloadPilot    7: 8 op, 17700.00 ns, 2.2125 us/op
WorkloadPilot    8: 9 op, 29100.00 ns, 3.2333 us/op
WorkloadPilot    9: 10 op, 18800.00 ns, 1.8800 us/op
WorkloadPilot   10: 11 op, 21200.00 ns, 1.9273 us/op
WorkloadPilot   11: 12 op, 21400.00 ns, 1.7833 us/op
WorkloadPilot   12: 13 op, 24200.00 ns, 1.8615 us/op
WorkloadPilot   13: 14 op, 25800.00 ns, 1.8429 us/op
WorkloadPilot   14: 15 op, 25000.00 ns, 1.6667 us/op
WorkloadPilot   15: 16 op, 68000.00 ns, 4.2500 us/op
WorkloadPilot   16: 32 op, 47800.00 ns, 1.4937 us/op
WorkloadPilot   17: 64 op, 112700.00 ns, 1.7609 us/op
WorkloadPilot   18: 128 op, 234200.00 ns, 1.8297 us/op
WorkloadPilot   19: 256 op, 478000.00 ns, 1.8672 us/op
WorkloadPilot   20: 512 op, 1001100.00 ns, 1.9553 us/op
WorkloadPilot   21: 1024 op, 1986400.00 ns, 1.9398 us/op
WorkloadPilot   22: 2048 op, 3401700.00 ns, 1.6610 us/op
WorkloadPilot   23: 4096 op, 5645800.00 ns, 1.3784 us/op
WorkloadPilot   24: 8192 op, 11328600.00 ns, 1.3829 us/op
WorkloadPilot   25: 16384 op, 22238000.00 ns, 1.3573 us/op
WorkloadPilot   26: 32768 op, 41658500.00 ns, 1.2713 us/op
WorkloadPilot   27: 65536 op, 81863000.00 ns, 1.2491 us/op
WorkloadPilot   28: 131072 op, 120436800.00 ns, 918.8599 ns/op
WorkloadPilot   29: 262144 op, 189149900.00 ns, 721.5496 ns/op
WorkloadPilot   30: 524288 op, 321147900.00 ns, 612.5410 ns/op
WorkloadPilot   31: 1048576 op, 637348600.00 ns, 607.8230 ns/op

WorkloadWarmup   1: 1048576 op, 636416400.00 ns, 606.9340 ns/op
WorkloadWarmup   2: 1048576 op, 636166000.00 ns, 606.6952 ns/op
WorkloadWarmup   3: 1048576 op, 639390500.00 ns, 609.7703 ns/op
WorkloadWarmup   4: 1048576 op, 632751100.00 ns, 603.4385 ns/op
WorkloadWarmup   5: 1048576 op, 635638100.00 ns, 606.1917 ns/op
WorkloadWarmup   6: 1048576 op, 638157600.00 ns, 608.5945 ns/op
WorkloadWarmup   7: 1048576 op, 631465000.00 ns, 602.2120 ns/op

// BeforeActualRun
WorkloadActual   1: 1048576 op, 640665400.00 ns, 610.9861 ns/op
WorkloadActual   2: 1048576 op, 639167100.00 ns, 609.5572 ns/op
WorkloadActual   3: 1048576 op, 638156600.00 ns, 608.5936 ns/op
WorkloadActual   4: 1048576 op, 636533300.00 ns, 607.0455 ns/op
WorkloadActual   5: 1048576 op, 640055200.00 ns, 610.4042 ns/op
WorkloadActual   6: 1048576 op, 638211900.00 ns, 608.6463 ns/op
WorkloadActual   7: 1048576 op, 634696200.00 ns, 605.2935 ns/op
WorkloadActual   8: 1048576 op, 638311500.00 ns, 608.7413 ns/op
WorkloadActual   9: 1048576 op, 632639300.00 ns, 603.3319 ns/op
WorkloadActual  10: 1048576 op, 635801600.00 ns, 606.3477 ns/op
WorkloadActual  11: 1048576 op, 637512300.00 ns, 607.9791 ns/op
WorkloadActual  12: 1048576 op, 631771500.00 ns, 602.5043 ns/op
WorkloadActual  13: 1048576 op, 634592300.00 ns, 605.1944 ns/op
WorkloadActual  14: 1048576 op, 635824000.00 ns, 606.3690 ns/op
WorkloadActual  15: 1048576 op, 635844100.00 ns, 606.3882 ns/op

// AfterActualRun
WorkloadResult   1: 1048576 op, 640665400.00 ns, 610.9861 ns/op
WorkloadResult   2: 1048576 op, 639167100.00 ns, 609.5572 ns/op
WorkloadResult   3: 1048576 op, 638156600.00 ns, 608.5936 ns/op
WorkloadResult   4: 1048576 op, 636533300.00 ns, 607.0455 ns/op
WorkloadResult   5: 1048576 op, 640055200.00 ns, 610.4042 ns/op
WorkloadResult   6: 1048576 op, 638211900.00 ns, 608.6463 ns/op
WorkloadResult   7: 1048576 op, 634696200.00 ns, 605.2935 ns/op
WorkloadResult   8: 1048576 op, 638311500.00 ns, 608.7413 ns/op
WorkloadResult   9: 1048576 op, 632639300.00 ns, 603.3319 ns/op
WorkloadResult  10: 1048576 op, 635801600.00 ns, 606.3477 ns/op
WorkloadResult  11: 1048576 op, 637512300.00 ns, 607.9791 ns/op
WorkloadResult  12: 1048576 op, 631771500.00 ns, 602.5043 ns/op
WorkloadResult  13: 1048576 op, 634592300.00 ns, 605.1944 ns/op
WorkloadResult  14: 1048576 op, 635824000.00 ns, 606.3690 ns/op
WorkloadResult  15: 1048576 op, 635844100.00 ns, 606.3882 ns/op
GC:  361 0 0 1509949440 1048576

// AfterAll

Mean = 607.1588 ns, StdErr = 0.6322 ns (0.10%); N = 15, StdDev = 2.4483 ns
Min = 602.5043 ns, Q1 = 605.2935 ns, Median = 607.0455 ns, Q3 = 608.7413 ns, Max = 610.9861 ns
IQR = 3.4478 ns, LowerFence = 600.1217 ns, UpperFence = 613.9130 ns
ConfidenceInterval = [604.5414 ns; 609.7762 ns] (CI 99.9%), Margin = 2.6174 ns (0.43% of Mean)
Skewness = -0.26, Kurtosis = 2.02, MValue = 2

// **************************
// Benchmark: JsonDotNet_DictionaryPerf.SerializeIReadOnlyDict_ToString: DefaultJob
// *** Execute ***
// Launch: 1 / 1
// Execute: dotnet "3258e50f-1b81-4e82-a5b3-80151e0d18cb.dll" --benchmarkName "SerializerDictSupport.JsonDotNet_DictionaryPerf.SerializeIReadOnlyDict_ToString" --job "Default" --benchmarkId 5 in D:\benchmarks\SerializerDictSupport\bin\Release\netcoreapp3.0\3258e50f-1b81-4e82-a5b3-80151e0d18cb\bin\Release\netcoreapp3.0
// BeforeAnythingElse

// Benchmark Process Environment Information:
// Runtime=.NET Core 3.0.0-preview6-27729-05 (CoreCLR 4.700.19.27901, CoreFX 4.700.19.27903), 64bit RyuJIT
// GC=Concurrent Workstation
// Job: DefaultJob

OverheadJitting  1: 1 op, 324000.00 ns, 324.0000 us/op
WorkloadJitting  1: 1 op, 64146000.00 ns, 64.1460 ms/op

WorkloadPilot    1: 2 op, 58300.00 ns, 29.1500 us/op
WorkloadPilot    2: 3 op, 11200.00 ns, 3.7333 us/op
WorkloadPilot    3: 4 op, 14500.00 ns, 3.6250 us/op
WorkloadPilot    4: 5 op, 38400.00 ns, 7.6800 us/op
WorkloadPilot    5: 6 op, 18200.00 ns, 3.0333 us/op
WorkloadPilot    6: 7 op, 14900.00 ns, 2.1286 us/op
WorkloadPilot    7: 8 op, 16900.00 ns, 2.1125 us/op
WorkloadPilot    8: 9 op, 20300.00 ns, 2.2556 us/op
WorkloadPilot    9: 10 op, 19100.00 ns, 1.9100 us/op
WorkloadPilot   10: 11 op, 19200.00 ns, 1.7455 us/op
WorkloadPilot   11: 12 op, 20300.00 ns, 1.6917 us/op
WorkloadPilot   12: 13 op, 25300.00 ns, 1.9462 us/op
WorkloadPilot   13: 14 op, 23900.00 ns, 1.7071 us/op
WorkloadPilot   14: 15 op, 23400.00 ns, 1.5600 us/op
WorkloadPilot   15: 16 op, 41200.00 ns, 2.5750 us/op
WorkloadPilot   16: 32 op, 73700.00 ns, 2.3031 us/op
WorkloadPilot   17: 64 op, 168300.00 ns, 2.6297 us/op
WorkloadPilot   18: 128 op, 257900.00 ns, 2.0148 us/op
WorkloadPilot   19: 256 op, 394800.00 ns, 1.5422 us/op
WorkloadPilot   20: 512 op, 833100.00 ns, 1.6271 us/op
WorkloadPilot   21: 1024 op, 1619200.00 ns, 1.5813 us/op
WorkloadPilot   22: 2048 op, 3188100.00 ns, 1.5567 us/op
WorkloadPilot   23: 4096 op, 6999600.00 ns, 1.7089 us/op
WorkloadPilot   24: 8192 op, 10212500.00 ns, 1.2466 us/op
WorkloadPilot   25: 16384 op, 22908600.00 ns, 1.3982 us/op
WorkloadPilot   26: 32768 op, 41978400.00 ns, 1.2811 us/op
WorkloadPilot   27: 65536 op, 64514500.00 ns, 984.4131 ns/op
WorkloadPilot   28: 131072 op, 103194000.00 ns, 787.3077 ns/op
WorkloadPilot   29: 262144 op, 201754100.00 ns, 769.6308 ns/op
WorkloadPilot   30: 524288 op, 316818000.00 ns, 604.2824 ns/op
WorkloadPilot   31: 1048576 op, 628041300.00 ns, 598.9469 ns/op

WorkloadWarmup   1: 1048576 op, 632315600.00 ns, 603.0231 ns/op
WorkloadWarmup   2: 1048576 op, 629261900.00 ns, 600.1109 ns/op
WorkloadWarmup   3: 1048576 op, 632444600.00 ns, 603.1462 ns/op
WorkloadWarmup   4: 1048576 op, 632279100.00 ns, 602.9883 ns/op
WorkloadWarmup   5: 1048576 op, 636114900.00 ns, 606.6464 ns/op
WorkloadWarmup   6: 1048576 op, 632279000.00 ns, 602.9882 ns/op

// BeforeActualRun
WorkloadActual   1: 1048576 op, 626379200.00 ns, 597.3618 ns/op
WorkloadActual   2: 1048576 op, 624398500.00 ns, 595.4728 ns/op
WorkloadActual   3: 1048576 op, 622510100.00 ns, 593.6719 ns/op
WorkloadActual   4: 1048576 op, 627882800.00 ns, 598.7957 ns/op
WorkloadActual   5: 1048576 op, 629360300.00 ns, 600.2048 ns/op
WorkloadActual   6: 1048576 op, 628365000.00 ns, 599.2556 ns/op
WorkloadActual   7: 1048576 op, 629102300.00 ns, 599.9587 ns/op
WorkloadActual   8: 1048576 op, 632780500.00 ns, 603.4665 ns/op
WorkloadActual   9: 1048576 op, 628340000.00 ns, 599.2317 ns/op
WorkloadActual  10: 1048576 op, 629109900.00 ns, 599.9660 ns/op
WorkloadActual  11: 1048576 op, 628673600.00 ns, 599.5499 ns/op
WorkloadActual  12: 1048576 op, 624680100.00 ns, 595.7414 ns/op
WorkloadActual  13: 1048576 op, 624393700.00 ns, 595.4682 ns/op
WorkloadActual  14: 1048576 op, 630624500.00 ns, 601.4104 ns/op
WorkloadActual  15: 1048576 op, 627230800.00 ns, 598.1739 ns/op

// AfterActualRun
WorkloadResult   1: 1048576 op, 626379200.00 ns, 597.3618 ns/op
WorkloadResult   2: 1048576 op, 624398500.00 ns, 595.4728 ns/op
WorkloadResult   3: 1048576 op, 622510100.00 ns, 593.6719 ns/op
WorkloadResult   4: 1048576 op, 627882800.00 ns, 598.7957 ns/op
WorkloadResult   5: 1048576 op, 629360300.00 ns, 600.2048 ns/op
WorkloadResult   6: 1048576 op, 628365000.00 ns, 599.2556 ns/op
WorkloadResult   7: 1048576 op, 629102300.00 ns, 599.9587 ns/op
WorkloadResult   8: 1048576 op, 632780500.00 ns, 603.4665 ns/op
WorkloadResult   9: 1048576 op, 628340000.00 ns, 599.2317 ns/op
WorkloadResult  10: 1048576 op, 629109900.00 ns, 599.9660 ns/op
WorkloadResult  11: 1048576 op, 628673600.00 ns, 599.5499 ns/op
WorkloadResult  12: 1048576 op, 624680100.00 ns, 595.7414 ns/op
WorkloadResult  13: 1048576 op, 624393700.00 ns, 595.4682 ns/op
WorkloadResult  14: 1048576 op, 630624500.00 ns, 601.4104 ns/op
WorkloadResult  15: 1048576 op, 627230800.00 ns, 598.1739 ns/op
GC:  361 0 0 1509949440 1048576

// AfterAll

Mean = 598.5153 ns, StdErr = 0.6665 ns (0.11%); N = 15, StdDev = 2.5814 ns
Min = 593.6719 ns, Q1 = 595.7414 ns, Median = 599.2317 ns, Q3 = 599.9660 ns, Max = 603.4665 ns
IQR = 4.2246 ns, LowerFence = 589.4045 ns, UpperFence = 606.3028 ns
ConfidenceInterval = [595.7556 ns; 601.2749 ns] (CI 99.9%), Margin = 2.7597 ns (0.46% of Mean)
Skewness = -0.13, Kurtosis = 2.21, MValue = 2

// **************************
// Benchmark: JsonDotNet_DictionaryPerf.DeserializeImmutableDict: DefaultJob
// *** Execute ***
// Launch: 1 / 1
// Execute: dotnet "3258e50f-1b81-4e82-a5b3-80151e0d18cb.dll" --benchmarkName "SerializerDictSupport.JsonDotNet_DictionaryPerf.DeserializeImmutableDict" --job "Default" --benchmarkId 6 in D:\benchmarks\SerializerDictSupport\bin\Release\netcoreapp3.0\3258e50f-1b81-4e82-a5b3-80151e0d18cb\bin\Release\netcoreapp3.0
// BeforeAnythingElse

// Benchmark Process Environment Information:
// Runtime=.NET Core 3.0.0-preview6-27729-05 (CoreCLR 4.700.19.27901, CoreFX 4.700.19.27903), 64bit RyuJIT
// GC=Concurrent Workstation
// Job: DefaultJob

OverheadJitting  1: 1 op, 344500.00 ns, 344.5000 us/op
WorkloadJitting  1: 1 op, 76226200.00 ns, 76.2262 ms/op

WorkloadPilot    1: 2 op, 52300.00 ns, 26.1500 us/op
WorkloadPilot    2: 3 op, 49400.00 ns, 16.4667 us/op
WorkloadPilot    3: 4 op, 23500.00 ns, 5.8750 us/op
WorkloadPilot    4: 5 op, 43100.00 ns, 8.6200 us/op
WorkloadPilot    5: 6 op, 26700.00 ns, 4.4500 us/op
WorkloadPilot    6: 7 op, 33200.00 ns, 4.7429 us/op
WorkloadPilot    7: 8 op, 60200.00 ns, 7.5250 us/op
WorkloadPilot    8: 9 op, 63400.00 ns, 7.0444 us/op
WorkloadPilot    9: 10 op, 51700.00 ns, 5.1700 us/op
WorkloadPilot   10: 11 op, 44800.00 ns, 4.0727 us/op
WorkloadPilot   11: 12 op, 58000.00 ns, 4.8333 us/op
WorkloadPilot   12: 13 op, 64900.00 ns, 4.9923 us/op
WorkloadPilot   13: 14 op, 65400.00 ns, 4.6714 us/op
WorkloadPilot   14: 15 op, 64600.00 ns, 4.3067 us/op
WorkloadPilot   15: 16 op, 71200.00 ns, 4.4500 us/op
WorkloadPilot   16: 32 op, 146300.00 ns, 4.5719 us/op
WorkloadPilot   17: 64 op, 278100.00 ns, 4.3453 us/op
WorkloadPilot   18: 128 op, 463500.00 ns, 3.6211 us/op
WorkloadPilot   19: 256 op, 1045100.00 ns, 4.0824 us/op
WorkloadPilot   20: 512 op, 1997800.00 ns, 3.9020 us/op
WorkloadPilot   21: 1024 op, 4563000.00 ns, 4.4561 us/op
WorkloadPilot   22: 2048 op, 6385000.00 ns, 3.1177 us/op
WorkloadPilot   23: 4096 op, 14289600.00 ns, 3.4887 us/op
WorkloadPilot   24: 8192 op, 26097500.00 ns, 3.1857 us/op
WorkloadPilot   25: 16384 op, 52160400.00 ns, 3.1836 us/op
WorkloadPilot   26: 32768 op, 58225000.00 ns, 1.7769 us/op
WorkloadPilot   27: 65536 op, 95613000.00 ns, 1.4589 us/op
WorkloadPilot   28: 131072 op, 188730300.00 ns, 1.4399 us/op
WorkloadPilot   29: 262144 op, 374440900.00 ns, 1.4284 us/op
WorkloadPilot   30: 524288 op, 746271300.00 ns, 1.4234 us/op

WorkloadWarmup   1: 524288 op, 790792100.00 ns, 1.5083 us/op
WorkloadWarmup   2: 524288 op, 744733500.00 ns, 1.4205 us/op
WorkloadWarmup   3: 524288 op, 745809300.00 ns, 1.4225 us/op
WorkloadWarmup   4: 524288 op, 745887600.00 ns, 1.4227 us/op
WorkloadWarmup   5: 524288 op, 745166100.00 ns, 1.4213 us/op
WorkloadWarmup   6: 524288 op, 746691800.00 ns, 1.4242 us/op
WorkloadWarmup   7: 524288 op, 748917100.00 ns, 1.4284 us/op
WorkloadWarmup   8: 524288 op, 745358200.00 ns, 1.4217 us/op

// BeforeActualRun
WorkloadActual   1: 524288 op, 750386800.00 ns, 1.4312 us/op
WorkloadActual   2: 524288 op, 753412000.00 ns, 1.4370 us/op
WorkloadActual   3: 524288 op, 744380000.00 ns, 1.4198 us/op
WorkloadActual   4: 524288 op, 746952600.00 ns, 1.4247 us/op
WorkloadActual   5: 524288 op, 743330700.00 ns, 1.4178 us/op
WorkloadActual   6: 524288 op, 744822100.00 ns, 1.4206 us/op
WorkloadActual   7: 524288 op, 750597000.00 ns, 1.4317 us/op
WorkloadActual   8: 524288 op, 747990500.00 ns, 1.4267 us/op
WorkloadActual   9: 524288 op, 749886800.00 ns, 1.4303 us/op
WorkloadActual  10: 524288 op, 745131100.00 ns, 1.4212 us/op
WorkloadActual  11: 524288 op, 745441000.00 ns, 1.4218 us/op
WorkloadActual  12: 524288 op, 746306900.00 ns, 1.4235 us/op
WorkloadActual  13: 524288 op, 750243000.00 ns, 1.4310 us/op
WorkloadActual  14: 524288 op, 746945600.00 ns, 1.4247 us/op
WorkloadActual  15: 524288 op, 752478300.00 ns, 1.4352 us/op

// AfterActualRun
WorkloadResult   1: 524288 op, 750386800.00 ns, 1.4312 us/op
WorkloadResult   2: 524288 op, 753412000.00 ns, 1.4370 us/op
WorkloadResult   3: 524288 op, 744380000.00 ns, 1.4198 us/op
WorkloadResult   4: 524288 op, 746952600.00 ns, 1.4247 us/op
WorkloadResult   5: 524288 op, 743330700.00 ns, 1.4178 us/op
WorkloadResult   6: 524288 op, 744822100.00 ns, 1.4206 us/op
WorkloadResult   7: 524288 op, 750597000.00 ns, 1.4317 us/op
WorkloadResult   8: 524288 op, 747990500.00 ns, 1.4267 us/op
WorkloadResult   9: 524288 op, 749886800.00 ns, 1.4303 us/op
WorkloadResult  10: 524288 op, 745131100.00 ns, 1.4212 us/op
WorkloadResult  11: 524288 op, 745441000.00 ns, 1.4218 us/op
WorkloadResult  12: 524288 op, 746306900.00 ns, 1.4235 us/op
WorkloadResult  13: 524288 op, 750243000.00 ns, 1.4310 us/op
WorkloadResult  14: 524288 op, 746945600.00 ns, 1.4247 us/op
WorkloadResult  15: 524288 op, 752478300.00 ns, 1.4352 us/op
GC:  400 0 0 1673527296 524288

// AfterAll

Mean = 1.4265 us, StdErr = 0.0015 us (0.11%); N = 15, StdDev = 0.0059 us
Min = 1.4178 us, Q1 = 1.4212 us, Median = 1.4247 us, Q3 = 1.4312 us, Max = 1.4370 us
IQR = 0.0100 us, LowerFence = 1.4062 us, UpperFence = 1.4463 us
ConfidenceInterval = [1.4201 us; 1.4328 us] (CI 99.9%), Margin = 0.0063 us (0.44% of Mean)
Skewness = 0.25, Kurtosis = 1.64, MValue = 2

// **************************
// Benchmark: JsonDotNet_DictionaryPerf.DeserializeIImmutableDict: DefaultJob
// *** Execute ***
// Launch: 1 / 1
// Execute: dotnet "3258e50f-1b81-4e82-a5b3-80151e0d18cb.dll" --benchmarkName "SerializerDictSupport.JsonDotNet_DictionaryPerf.DeserializeIImmutableDict" --job "Default" --benchmarkId 7 in D:\benchmarks\SerializerDictSupport\bin\Release\netcoreapp3.0\3258e50f-1b81-4e82-a5b3-80151e0d18cb\bin\Release\netcoreapp3.0
// BeforeAnythingElse

// Benchmark Process Environment Information:
// Runtime=.NET Core 3.0.0-preview6-27729-05 (CoreCLR 4.700.19.27901, CoreFX 4.700.19.27903), 64bit RyuJIT
// GC=Concurrent Workstation
// Job: DefaultJob

OverheadJitting  1: 1 op, 357300.00 ns, 357.3000 us/op
WorkloadJitting  1: 1 op, 74446400.00 ns, 74.4464 ms/op

WorkloadPilot    1: 2 op, 65100.00 ns, 32.5500 us/op
WorkloadPilot    2: 3 op, 59700.00 ns, 19.9000 us/op
WorkloadPilot    3: 4 op, 38700.00 ns, 9.6750 us/op
WorkloadPilot    4: 5 op, 80000.00 ns, 16.0000 us/op
WorkloadPilot    5: 6 op, 38300.00 ns, 6.3833 us/op
WorkloadPilot    6: 7 op, 47100.00 ns, 6.7286 us/op
WorkloadPilot    7: 8 op, 48600.00 ns, 6.0750 us/op
WorkloadPilot    8: 9 op, 53100.00 ns, 5.9000 us/op
WorkloadPilot    9: 10 op, 59300.00 ns, 5.9300 us/op
WorkloadPilot   10: 11 op, 78700.00 ns, 7.1545 us/op
WorkloadPilot   11: 12 op, 72200.00 ns, 6.0167 us/op
WorkloadPilot   12: 13 op, 79500.00 ns, 6.1154 us/op
WorkloadPilot   13: 14 op, 81000.00 ns, 5.7857 us/op
WorkloadPilot   14: 15 op, 77800.00 ns, 5.1867 us/op
WorkloadPilot   15: 16 op, 116300.00 ns, 7.2687 us/op
WorkloadPilot   16: 32 op, 170500.00 ns, 5.3281 us/op
WorkloadPilot   17: 64 op, 345800.00 ns, 5.4031 us/op
WorkloadPilot   18: 128 op, 608600.00 ns, 4.7547 us/op
WorkloadPilot   19: 256 op, 1657000.00 ns, 6.4727 us/op
WorkloadPilot   20: 512 op, 3393200.00 ns, 6.6273 us/op
WorkloadPilot   21: 1024 op, 5069900.00 ns, 4.9511 us/op
WorkloadPilot   22: 2048 op, 10285900.00 ns, 5.0224 us/op
WorkloadPilot   23: 4096 op, 18911500.00 ns, 4.6171 us/op
WorkloadPilot   24: 8192 op, 35125500.00 ns, 4.2878 us/op
WorkloadPilot   25: 16384 op, 64394400.00 ns, 3.9303 us/op
WorkloadPilot   26: 32768 op, 64426300.00 ns, 1.9661 us/op
WorkloadPilot   27: 65536 op, 121802300.00 ns, 1.8586 us/op
WorkloadPilot   28: 131072 op, 240414300.00 ns, 1.8342 us/op
WorkloadPilot   29: 262144 op, 482951100.00 ns, 1.8423 us/op
WorkloadPilot   30: 524288 op, 963715200.00 ns, 1.8381 us/op

WorkloadWarmup   1: 524288 op, 959120800.00 ns, 1.8294 us/op
WorkloadWarmup   2: 524288 op, 955520000.00 ns, 1.8225 us/op
WorkloadWarmup   3: 524288 op, 968493900.00 ns, 1.8473 us/op
WorkloadWarmup   4: 524288 op, 992204500.00 ns, 1.8925 us/op
WorkloadWarmup   5: 524288 op, 967515500.00 ns, 1.8454 us/op
WorkloadWarmup   6: 524288 op, 968130100.00 ns, 1.8466 us/op
WorkloadWarmup   7: 524288 op, 963496400.00 ns, 1.8377 us/op

// BeforeActualRun
WorkloadActual   1: 524288 op, 964466100.00 ns, 1.8396 us/op
WorkloadActual   2: 524288 op, 1006432300.00 ns, 1.9196 us/op
WorkloadActual   3: 524288 op, 974558200.00 ns, 1.8588 us/op
WorkloadActual   4: 524288 op, 954268200.00 ns, 1.8201 us/op
WorkloadActual   5: 524288 op, 1368895000.00 ns, 2.6110 us/op
WorkloadActual   6: 524288 op, 960500000.00 ns, 1.8320 us/op
WorkloadActual   7: 524288 op, 962661800.00 ns, 1.8361 us/op
WorkloadActual   8: 524288 op, 970322200.00 ns, 1.8507 us/op
WorkloadActual   9: 524288 op, 958153100.00 ns, 1.8275 us/op
WorkloadActual  10: 524288 op, 979596100.00 ns, 1.8684 us/op
WorkloadActual  11: 524288 op, 957663900.00 ns, 1.8266 us/op
WorkloadActual  12: 524288 op, 953462300.00 ns, 1.8186 us/op
WorkloadActual  13: 524288 op, 969702100.00 ns, 1.8496 us/op
WorkloadActual  14: 524288 op, 967048800.00 ns, 1.8445 us/op
WorkloadActual  15: 524288 op, 966590500.00 ns, 1.8436 us/op

// AfterActualRun
WorkloadResult   1: 524288 op, 964466100.00 ns, 1.8396 us/op
WorkloadResult   2: 524288 op, 974558200.00 ns, 1.8588 us/op
WorkloadResult   3: 524288 op, 954268200.00 ns, 1.8201 us/op
WorkloadResult   4: 524288 op, 960500000.00 ns, 1.8320 us/op
WorkloadResult   5: 524288 op, 962661800.00 ns, 1.8361 us/op
WorkloadResult   6: 524288 op, 970322200.00 ns, 1.8507 us/op
WorkloadResult   7: 524288 op, 958153100.00 ns, 1.8275 us/op
WorkloadResult   8: 524288 op, 979596100.00 ns, 1.8684 us/op
WorkloadResult   9: 524288 op, 957663900.00 ns, 1.8266 us/op
WorkloadResult  10: 524288 op, 953462300.00 ns, 1.8186 us/op
WorkloadResult  11: 524288 op, 969702100.00 ns, 1.8496 us/op
WorkloadResult  12: 524288 op, 967048800.00 ns, 1.8445 us/op
WorkloadResult  13: 524288 op, 966590500.00 ns, 1.8436 us/op
GC:  461 0 0 1929379840 524288

// AfterAll

Mean = 1.8397 us, StdErr = 0.0041 us (0.22%); N = 13, StdDev = 0.0149 us
Min = 1.8186 us, Q1 = 1.8271 us, Median = 1.8396 us, Q3 = 1.8502 us, Max = 1.8684 us
IQR = 0.0231 us, LowerFence = 1.7924 us, UpperFence = 1.8848 us
ConfidenceInterval = [1.8218 us; 1.8576 us] (CI 99.9%), Margin = 0.0179 us (0.97% of Mean)
Skewness = 0.27, Kurtosis = 1.93, MValue = 2

// **************************
// Benchmark: JsonDotNet_DictionaryPerf.DeserializeImmutableSortedDict: DefaultJob
// *** Execute ***
// Launch: 1 / 1
// Execute: dotnet "3258e50f-1b81-4e82-a5b3-80151e0d18cb.dll" --benchmarkName "SerializerDictSupport.JsonDotNet_DictionaryPerf.DeserializeImmutableSortedDict" --job "Default" --benchmarkId 8 in D:\benchmarks\SerializerDictSupport\bin\Release\netcoreapp3.0\3258e50f-1b81-4e82-a5b3-80151e0d18cb\bin\Release\netcoreapp3.0
// BeforeAnythingElse

// Benchmark Process Environment Information:
// Runtime=.NET Core 3.0.0-preview6-27729-05 (CoreCLR 4.700.19.27901, CoreFX 4.700.19.27903), 64bit RyuJIT
// GC=Concurrent Workstation
// Job: DefaultJob

OverheadJitting  1: 1 op, 492600.00 ns, 492.6000 us/op
WorkloadJitting  1: 1 op, 74574500.00 ns, 74.5745 ms/op

WorkloadPilot    1: 2 op, 86200.00 ns, 43.1000 us/op
WorkloadPilot    2: 3 op, 44700.00 ns, 14.9000 us/op
WorkloadPilot    3: 4 op, 55900.00 ns, 13.9750 us/op
WorkloadPilot    4: 5 op, 110900.00 ns, 22.1800 us/op
WorkloadPilot    5: 6 op, 46400.00 ns, 7.7333 us/op
WorkloadPilot    6: 7 op, 43000.00 ns, 6.1429 us/op
WorkloadPilot    7: 8 op, 46300.00 ns, 5.7875 us/op
WorkloadPilot    8: 9 op, 52200.00 ns, 5.8000 us/op
WorkloadPilot    9: 10 op, 70200.00 ns, 7.0200 us/op
WorkloadPilot   10: 11 op, 76300.00 ns, 6.9364 us/op
WorkloadPilot   11: 12 op, 75200.00 ns, 6.2667 us/op
WorkloadPilot   12: 13 op, 82300.00 ns, 6.3308 us/op
WorkloadPilot   13: 14 op, 87500.00 ns, 6.2500 us/op
WorkloadPilot   14: 15 op, 97500.00 ns, 6.5000 us/op
WorkloadPilot   15: 16 op, 100800.00 ns, 6.3000 us/op
WorkloadPilot   16: 32 op, 179100.00 ns, 5.5969 us/op
WorkloadPilot   17: 64 op, 357200.00 ns, 5.5812 us/op
WorkloadPilot   18: 128 op, 644500.00 ns, 5.0352 us/op
WorkloadPilot   19: 256 op, 1459200.00 ns, 5.7000 us/op
WorkloadPilot   20: 512 op, 3683700.00 ns, 7.1947 us/op
WorkloadPilot   21: 1024 op, 5035300.00 ns, 4.9173 us/op
WorkloadPilot   22: 2048 op, 10017500.00 ns, 4.8914 us/op
WorkloadPilot   23: 4096 op, 18483200.00 ns, 4.5125 us/op
WorkloadPilot   24: 8192 op, 36831300.00 ns, 4.4960 us/op
WorkloadPilot   25: 16384 op, 58063700.00 ns, 3.5439 us/op
WorkloadPilot   26: 32768 op, 58975900.00 ns, 1.7998 us/op
WorkloadPilot   27: 65536 op, 112802400.00 ns, 1.7212 us/op
WorkloadPilot   28: 131072 op, 228641300.00 ns, 1.7444 us/op
WorkloadPilot   29: 262144 op, 460455000.00 ns, 1.7565 us/op
WorkloadPilot   30: 524288 op, 911385800.00 ns, 1.7383 us/op

WorkloadWarmup   1: 524288 op, 918483300.00 ns, 1.7519 us/op
WorkloadWarmup   2: 524288 op, 911791400.00 ns, 1.7391 us/op
WorkloadWarmup   3: 524288 op, 913443500.00 ns, 1.7423 us/op
WorkloadWarmup   4: 524288 op, 903524700.00 ns, 1.7233 us/op
WorkloadWarmup   5: 524288 op, 905200900.00 ns, 1.7265 us/op
WorkloadWarmup   6: 524288 op, 905794000.00 ns, 1.7277 us/op
WorkloadWarmup   7: 524288 op, 910277700.00 ns, 1.7362 us/op
WorkloadWarmup   8: 524288 op, 906787000.00 ns, 1.7296 us/op

// BeforeActualRun
WorkloadActual   1: 524288 op, 909157200.00 ns, 1.7341 us/op
WorkloadActual   2: 524288 op, 909876900.00 ns, 1.7355 us/op
WorkloadActual   3: 524288 op, 907503200.00 ns, 1.7309 us/op
WorkloadActual   4: 524288 op, 904950200.00 ns, 1.7261 us/op
WorkloadActual   5: 524288 op, 907026000.00 ns, 1.7300 us/op
WorkloadActual   6: 524288 op, 899105500.00 ns, 1.7149 us/op
WorkloadActual   7: 524288 op, 904024200.00 ns, 1.7243 us/op
WorkloadActual   8: 524288 op, 906577500.00 ns, 1.7292 us/op
WorkloadActual   9: 524288 op, 942768700.00 ns, 1.7982 us/op
WorkloadActual  10: 524288 op, 904087600.00 ns, 1.7244 us/op
WorkloadActual  11: 524288 op, 906502400.00 ns, 1.7290 us/op
WorkloadActual  12: 524288 op, 905026100.00 ns, 1.7262 us/op
WorkloadActual  13: 524288 op, 897902200.00 ns, 1.7126 us/op
WorkloadActual  14: 524288 op, 902390300.00 ns, 1.7212 us/op
WorkloadActual  15: 524288 op, 906534300.00 ns, 1.7291 us/op

// AfterActualRun
WorkloadResult   1: 524288 op, 909157200.00 ns, 1.7341 us/op
WorkloadResult   2: 524288 op, 909876900.00 ns, 1.7355 us/op
WorkloadResult   3: 524288 op, 907503200.00 ns, 1.7309 us/op
WorkloadResult   4: 524288 op, 904950200.00 ns, 1.7261 us/op
WorkloadResult   5: 524288 op, 907026000.00 ns, 1.7300 us/op
WorkloadResult   6: 524288 op, 899105500.00 ns, 1.7149 us/op
WorkloadResult   7: 524288 op, 904024200.00 ns, 1.7243 us/op
WorkloadResult   8: 524288 op, 906577500.00 ns, 1.7292 us/op
WorkloadResult   9: 524288 op, 904087600.00 ns, 1.7244 us/op
WorkloadResult  10: 524288 op, 906502400.00 ns, 1.7290 us/op
WorkloadResult  11: 524288 op, 905026100.00 ns, 1.7262 us/op
WorkloadResult  12: 524288 op, 897902200.00 ns, 1.7126 us/op
WorkloadResult  13: 524288 op, 902390300.00 ns, 1.7212 us/op
WorkloadResult  14: 524288 op, 906534300.00 ns, 1.7291 us/op
GC:  461 0 0 1929379840 524288

// AfterAll

Mean = 1.7262 us, StdErr = 0.0017 us (0.10%); N = 14, StdDev = 0.0065 us
Min = 1.7126 us, Q1 = 1.7243 us, Median = 1.7276 us, Q3 = 1.7300 us, Max = 1.7355 us
IQR = 0.0057 us, LowerFence = 1.7157 us, UpperFence = 1.7386 us
ConfidenceInterval = [1.7189 us; 1.7336 us] (CI 99.9%), Margin = 0.0074 us (0.43% of Mean)
Skewness = -0.68, Kurtosis = 2.5, MValue = 2

// **************************
// Benchmark: JsonDotNet_DictionaryPerf.SerializeImmutableDict_ToString: DefaultJob
// *** Execute ***
// Launch: 1 / 1
// Execute: dotnet "3258e50f-1b81-4e82-a5b3-80151e0d18cb.dll" --benchmarkName "SerializerDictSupport.JsonDotNet_DictionaryPerf.SerializeImmutableDict_ToString" --job "Default" --benchmarkId 9 in D:\benchmarks\SerializerDictSupport\bin\Release\netcoreapp3.0\3258e50f-1b81-4e82-a5b3-80151e0d18cb\bin\Release\netcoreapp3.0
// BeforeAnythingElse

// Benchmark Process Environment Information:
// Runtime=.NET Core 3.0.0-preview6-27729-05 (CoreCLR 4.700.19.27901, CoreFX 4.700.19.27903), 64bit RyuJIT
// GC=Concurrent Workstation
// Job: DefaultJob

OverheadJitting  1: 1 op, 322100.00 ns, 322.1000 us/op
WorkloadJitting  1: 1 op, 76466100.00 ns, 76.4661 ms/op

WorkloadPilot    1: 2 op, 121600.00 ns, 60.8000 us/op
WorkloadPilot    2: 3 op, 18800.00 ns, 6.2667 us/op
WorkloadPilot    3: 4 op, 59700.00 ns, 14.9250 us/op
WorkloadPilot    4: 5 op, 50500.00 ns, 10.1000 us/op
WorkloadPilot    5: 6 op, 48200.00 ns, 8.0333 us/op
WorkloadPilot    6: 7 op, 32200.00 ns, 4.6000 us/op
WorkloadPilot    7: 8 op, 32800.00 ns, 4.1000 us/op
WorkloadPilot    8: 9 op, 35300.00 ns, 3.9222 us/op
WorkloadPilot    9: 10 op, 36100.00 ns, 3.6100 us/op
WorkloadPilot   10: 11 op, 45000.00 ns, 4.0909 us/op
WorkloadPilot   11: 12 op, 45500.00 ns, 3.7917 us/op
WorkloadPilot   12: 13 op, 44600.00 ns, 3.4308 us/op
WorkloadPilot   13: 14 op, 49000.00 ns, 3.5000 us/op
WorkloadPilot   14: 15 op, 61200.00 ns, 4.0800 us/op
WorkloadPilot   15: 16 op, 94400.00 ns, 5.9000 us/op
WorkloadPilot   16: 32 op, 111500.00 ns, 3.4844 us/op
WorkloadPilot   17: 64 op, 222500.00 ns, 3.4766 us/op
WorkloadPilot   18: 128 op, 477800.00 ns, 3.7328 us/op
WorkloadPilot   19: 256 op, 768300.00 ns, 3.0012 us/op
WorkloadPilot   20: 512 op, 1629600.00 ns, 3.1828 us/op
WorkloadPilot   21: 1024 op, 3852000.00 ns, 3.7617 us/op
WorkloadPilot   22: 2048 op, 6519100.00 ns, 3.1832 us/op
WorkloadPilot   23: 4096 op, 12372300.00 ns, 3.0206 us/op
WorkloadPilot   24: 8192 op, 24609800.00 ns, 3.0041 us/op
WorkloadPilot   25: 16384 op, 45154600.00 ns, 2.7560 us/op
WorkloadPilot   26: 32768 op, 61316600.00 ns, 1.8712 us/op
WorkloadPilot   27: 65536 op, 104239700.00 ns, 1.5906 us/op
WorkloadPilot   28: 131072 op, 207540200.00 ns, 1.5834 us/op
WorkloadPilot   29: 262144 op, 310218400.00 ns, 1.1834 us/op
WorkloadPilot   30: 524288 op, 621804500.00 ns, 1.1860 us/op

WorkloadWarmup   1: 524288 op, 625651800.00 ns, 1.1933 us/op
WorkloadWarmup   2: 524288 op, 625367100.00 ns, 1.1928 us/op
WorkloadWarmup   3: 524288 op, 624891700.00 ns, 1.1919 us/op
WorkloadWarmup   4: 524288 op, 627987600.00 ns, 1.1978 us/op
WorkloadWarmup   5: 524288 op, 622765400.00 ns, 1.1878 us/op
WorkloadWarmup   6: 524288 op, 619332500.00 ns, 1.1813 us/op
WorkloadWarmup   7: 524288 op, 619507300.00 ns, 1.1816 us/op
WorkloadWarmup   8: 524288 op, 623795400.00 ns, 1.1898 us/op
WorkloadWarmup   9: 524288 op, 626129900.00 ns, 1.1942 us/op
WorkloadWarmup  10: 524288 op, 625453700.00 ns, 1.1930 us/op

// BeforeActualRun
WorkloadActual   1: 524288 op, 627084200.00 ns, 1.1961 us/op
WorkloadActual   2: 524288 op, 620910600.00 ns, 1.1843 us/op
WorkloadActual   3: 524288 op, 629508800.00 ns, 1.2007 us/op
WorkloadActual   4: 524288 op, 628039800.00 ns, 1.1979 us/op
WorkloadActual   5: 524288 op, 626355700.00 ns, 1.1947 us/op
WorkloadActual   6: 524288 op, 628095000.00 ns, 1.1980 us/op
WorkloadActual   7: 524288 op, 630608300.00 ns, 1.2028 us/op
WorkloadActual   8: 524288 op, 626503400.00 ns, 1.1950 us/op
WorkloadActual   9: 524288 op, 628197500.00 ns, 1.1982 us/op
WorkloadActual  10: 524288 op, 824497800.00 ns, 1.5726 us/op
WorkloadActual  11: 524288 op, 628893200.00 ns, 1.1995 us/op
WorkloadActual  12: 524288 op, 628276300.00 ns, 1.1983 us/op
WorkloadActual  13: 524288 op, 626052400.00 ns, 1.1941 us/op
WorkloadActual  14: 524288 op, 633199600.00 ns, 1.2077 us/op
WorkloadActual  15: 524288 op, 623520300.00 ns, 1.1893 us/op

// AfterActualRun
WorkloadResult   1: 524288 op, 627084200.00 ns, 1.1961 us/op
WorkloadResult   2: 524288 op, 620910600.00 ns, 1.1843 us/op
WorkloadResult   3: 524288 op, 629508800.00 ns, 1.2007 us/op
WorkloadResult   4: 524288 op, 628039800.00 ns, 1.1979 us/op
WorkloadResult   5: 524288 op, 626355700.00 ns, 1.1947 us/op
WorkloadResult   6: 524288 op, 628095000.00 ns, 1.1980 us/op
WorkloadResult   7: 524288 op, 630608300.00 ns, 1.2028 us/op
WorkloadResult   8: 524288 op, 626503400.00 ns, 1.1950 us/op
WorkloadResult   9: 524288 op, 628197500.00 ns, 1.1982 us/op
WorkloadResult  10: 524288 op, 628893200.00 ns, 1.1995 us/op
WorkloadResult  11: 524288 op, 628276300.00 ns, 1.1983 us/op
WorkloadResult  12: 524288 op, 626052400.00 ns, 1.1941 us/op
WorkloadResult  13: 524288 op, 633199600.00 ns, 1.2077 us/op
WorkloadResult  14: 524288 op, 623520300.00 ns, 1.1893 us/op
GC:  208 0 0 872415232 524288

// AfterAll

Mean = 1.1969 us, StdErr = 0.0015 us (0.13%); N = 14, StdDev = 0.0056 us
Min = 1.1843 us, Q1 = 1.1947 us, Median = 1.1979 us, Q3 = 1.1995 us, Max = 1.2077 us
IQR = 0.0048 us, LowerFence = 1.1874 us, UpperFence = 1.2068 us
ConfidenceInterval = [1.1905 us; 1.2033 us] (CI 99.9%), Margin = 0.0064 us (0.53% of Mean)
Skewness = -0.37, Kurtosis = 3.1, MValue = 2

// **************************
// Benchmark: JsonDotNet_DictionaryPerf.SerializeIImmutableDict_ToString: DefaultJob
// *** Execute ***
// Launch: 1 / 1
// Execute: dotnet "3258e50f-1b81-4e82-a5b3-80151e0d18cb.dll" --benchmarkName "SerializerDictSupport.JsonDotNet_DictionaryPerf.SerializeIImmutableDict_ToString" --job "Default" --benchmarkId 10 in D:\benchmarks\SerializerDictSupport\bin\Release\netcoreapp3.0\3258e50f-1b81-4e82-a5b3-80151e0d18cb\bin\Release\netcoreapp3.0
// BeforeAnythingElse

// Benchmark Process Environment Information:
// Runtime=.NET Core 3.0.0-preview6-27729-05 (CoreCLR 4.700.19.27901, CoreFX 4.700.19.27903), 64bit RyuJIT
// GC=Concurrent Workstation
// Job: DefaultJob

OverheadJitting  1: 1 op, 353200.00 ns, 353.2000 us/op
WorkloadJitting  1: 1 op, 75348600.00 ns, 75.3486 ms/op

WorkloadPilot    1: 2 op, 86000.00 ns, 43.0000 us/op
WorkloadPilot    2: 3 op, 17500.00 ns, 5.8333 us/op
WorkloadPilot    3: 4 op, 36200.00 ns, 9.0500 us/op
WorkloadPilot    4: 5 op, 25700.00 ns, 5.1400 us/op
WorkloadPilot    5: 6 op, 28500.00 ns, 4.7500 us/op
WorkloadPilot    6: 7 op, 33400.00 ns, 4.7714 us/op
WorkloadPilot    7: 8 op, 45200.00 ns, 5.6500 us/op
WorkloadPilot    8: 9 op, 34000.00 ns, 3.7778 us/op
WorkloadPilot    9: 10 op, 37200.00 ns, 3.7200 us/op
WorkloadPilot   10: 11 op, 41400.00 ns, 3.7636 us/op
WorkloadPilot   11: 12 op, 47000.00 ns, 3.9167 us/op
WorkloadPilot   12: 13 op, 45600.00 ns, 3.5077 us/op
WorkloadPilot   13: 14 op, 46500.00 ns, 3.3214 us/op
WorkloadPilot   14: 15 op, 77000.00 ns, 5.1333 us/op
WorkloadPilot   15: 16 op, 67400.00 ns, 4.2125 us/op
WorkloadPilot   16: 32 op, 140200.00 ns, 4.3812 us/op
WorkloadPilot   17: 64 op, 264800.00 ns, 4.1375 us/op
WorkloadPilot   18: 128 op, 529200.00 ns, 4.1344 us/op
WorkloadPilot   19: 256 op, 806100.00 ns, 3.1488 us/op
WorkloadPilot   20: 512 op, 1586400.00 ns, 3.0984 us/op
WorkloadPilot   21: 1024 op, 3331700.00 ns, 3.2536 us/op
WorkloadPilot   22: 2048 op, 6849900.00 ns, 3.3447 us/op
WorkloadPilot   23: 4096 op, 11923400.00 ns, 2.9110 us/op
WorkloadPilot   24: 8192 op, 23784600.00 ns, 2.9034 us/op
WorkloadPilot   25: 16384 op, 47068500.00 ns, 2.8728 us/op
WorkloadPilot   26: 32768 op, 56813400.00 ns, 1.7338 us/op
WorkloadPilot   27: 65536 op, 106932200.00 ns, 1.6317 us/op
WorkloadPilot   28: 131072 op, 174952700.00 ns, 1.3348 us/op
WorkloadPilot   29: 262144 op, 314636700.00 ns, 1.2002 us/op
WorkloadPilot   30: 524288 op, 623224900.00 ns, 1.1887 us/op

WorkloadWarmup   1: 524288 op, 622507900.00 ns, 1.1873 us/op
WorkloadWarmup   2: 524288 op, 622482100.00 ns, 1.1873 us/op
WorkloadWarmup   3: 524288 op, 624482300.00 ns, 1.1911 us/op
WorkloadWarmup   4: 524288 op, 623131400.00 ns, 1.1885 us/op
WorkloadWarmup   5: 524288 op, 618922700.00 ns, 1.1805 us/op
WorkloadWarmup   6: 524288 op, 618992900.00 ns, 1.1806 us/op
WorkloadWarmup   7: 524288 op, 624707500.00 ns, 1.1915 us/op
WorkloadWarmup   8: 524288 op, 619991500.00 ns, 1.1825 us/op

// BeforeActualRun
WorkloadActual   1: 524288 op, 625350200.00 ns, 1.1928 us/op
WorkloadActual   2: 524288 op, 623077300.00 ns, 1.1884 us/op
WorkloadActual   3: 524288 op, 625761400.00 ns, 1.1935 us/op
WorkloadActual   4: 524288 op, 622795100.00 ns, 1.1879 us/op
WorkloadActual   5: 524288 op, 623251300.00 ns, 1.1888 us/op
WorkloadActual   6: 524288 op, 623483800.00 ns, 1.1892 us/op
WorkloadActual   7: 524288 op, 624080800.00 ns, 1.1903 us/op
WorkloadActual   8: 524288 op, 626209900.00 ns, 1.1944 us/op
WorkloadActual   9: 524288 op, 622085600.00 ns, 1.1865 us/op
WorkloadActual  10: 524288 op, 626295000.00 ns, 1.1946 us/op
WorkloadActual  11: 524288 op, 627586600.00 ns, 1.1970 us/op
WorkloadActual  12: 524288 op, 626895900.00 ns, 1.1957 us/op
WorkloadActual  13: 524288 op, 625267900.00 ns, 1.1926 us/op
WorkloadActual  14: 524288 op, 624802900.00 ns, 1.1917 us/op
WorkloadActual  15: 524288 op, 627206900.00 ns, 1.1963 us/op

// AfterActualRun
WorkloadResult   1: 524288 op, 625350200.00 ns, 1.1928 us/op
WorkloadResult   2: 524288 op, 623077300.00 ns, 1.1884 us/op
WorkloadResult   3: 524288 op, 625761400.00 ns, 1.1935 us/op
WorkloadResult   4: 524288 op, 622795100.00 ns, 1.1879 us/op
WorkloadResult   5: 524288 op, 623251300.00 ns, 1.1888 us/op
WorkloadResult   6: 524288 op, 623483800.00 ns, 1.1892 us/op
WorkloadResult   7: 524288 op, 624080800.00 ns, 1.1903 us/op
WorkloadResult   8: 524288 op, 626209900.00 ns, 1.1944 us/op
WorkloadResult   9: 524288 op, 622085600.00 ns, 1.1865 us/op
WorkloadResult  10: 524288 op, 626295000.00 ns, 1.1946 us/op
WorkloadResult  11: 524288 op, 627586600.00 ns, 1.1970 us/op
WorkloadResult  12: 524288 op, 626895900.00 ns, 1.1957 us/op
WorkloadResult  13: 524288 op, 625267900.00 ns, 1.1926 us/op
WorkloadResult  14: 524288 op, 624802900.00 ns, 1.1917 us/op
WorkloadResult  15: 524288 op, 627206900.00 ns, 1.1963 us/op
GC:  208 0 0 872415232 524288

// AfterAll

Mean = 1.1920 us, StdErr = 0.0009 us (0.07%); N = 15, StdDev = 0.0033 us
Min = 1.1865 us, Q1 = 1.1888 us, Median = 1.1926 us, Q3 = 1.1946 us, Max = 1.1970 us
IQR = 0.0058 us, LowerFence = 1.1800 us, UpperFence = 1.2033 us
ConfidenceInterval = [1.1884 us; 1.1955 us] (CI 99.9%), Margin = 0.0035 us (0.30% of Mean)
Skewness = -0.07, Kurtosis = 1.53, MValue = 2

// **************************
// Benchmark: JsonDotNet_DictionaryPerf.SerializeImmutableSortedDict_ToString: DefaultJob
// *** Execute ***
// Launch: 1 / 1
// Execute: dotnet "3258e50f-1b81-4e82-a5b3-80151e0d18cb.dll" --benchmarkName "SerializerDictSupport.JsonDotNet_DictionaryPerf.SerializeImmutableSortedDict_ToString" --job "Default" --benchmarkId 11 in D:\benchmarks\SerializerDictSupport\bin\Release\netcoreapp3.0\3258e50f-1b81-4e82-a5b3-80151e0d18cb\bin\Release\netcoreapp3.0
// BeforeAnythingElse

// Benchmark Process Environment Information:
// Runtime=.NET Core 3.0.0-preview6-27729-05 (CoreCLR 4.700.19.27901, CoreFX 4.700.19.27903), 64bit RyuJIT
// GC=Concurrent Workstation
// Job: DefaultJob

OverheadJitting  1: 1 op, 371900.00 ns, 371.9000 us/op
WorkloadJitting  1: 1 op, 76118800.00 ns, 76.1188 ms/op

WorkloadPilot    1: 2 op, 82000.00 ns, 41.0000 us/op
WorkloadPilot    2: 3 op, 19200.00 ns, 6.4000 us/op
WorkloadPilot    3: 4 op, 62000.00 ns, 15.5000 us/op
WorkloadPilot    4: 5 op, 24600.00 ns, 4.9200 us/op
WorkloadPilot    5: 6 op, 25600.00 ns, 4.2667 us/op
WorkloadPilot    6: 7 op, 26300.00 ns, 3.7571 us/op
WorkloadPilot    7: 8 op, 41400.00 ns, 5.1750 us/op
WorkloadPilot    8: 9 op, 29700.00 ns, 3.3000 us/op
WorkloadPilot    9: 10 op, 47500.00 ns, 4.7500 us/op
WorkloadPilot   10: 11 op, 45500.00 ns, 4.1364 us/op
WorkloadPilot   11: 12 op, 40500.00 ns, 3.3750 us/op
WorkloadPilot   12: 13 op, 39700.00 ns, 3.0538 us/op
WorkloadPilot   13: 14 op, 55100.00 ns, 3.9357 us/op
WorkloadPilot   14: 15 op, 57800.00 ns, 3.8533 us/op
WorkloadPilot   15: 16 op, 70900.00 ns, 4.4313 us/op
WorkloadPilot   16: 32 op, 122600.00 ns, 3.8312 us/op
WorkloadPilot   17: 64 op, 270000.00 ns, 4.2188 us/op
WorkloadPilot   18: 128 op, 781400.00 ns, 6.1047 us/op
WorkloadPilot   19: 256 op, 777400.00 ns, 3.0367 us/op
WorkloadPilot   20: 512 op, 1488500.00 ns, 2.9072 us/op
WorkloadPilot   21: 1024 op, 2829700.00 ns, 2.7634 us/op
WorkloadPilot   22: 2048 op, 5802800.00 ns, 2.8334 us/op
WorkloadPilot   23: 4096 op, 11086000.00 ns, 2.7065 us/op
WorkloadPilot   24: 8192 op, 21279700.00 ns, 2.5976 us/op
WorkloadPilot   25: 16384 op, 39609600.00 ns, 2.4176 us/op
WorkloadPilot   26: 32768 op, 54100300.00 ns, 1.6510 us/op
WorkloadPilot   27: 65536 op, 90739900.00 ns, 1.3846 us/op
WorkloadPilot   28: 131072 op, 179653800.00 ns, 1.3706 us/op
WorkloadPilot   29: 262144 op, 259786700.00 ns, 991.0076 ns/op
WorkloadPilot   30: 524288 op, 497855900.00 ns, 949.5848 ns/op
WorkloadPilot   31: 1048576 op, 999026100.00 ns, 952.7455 ns/op

WorkloadWarmup   1: 1048576 op, 998444600.00 ns, 952.1910 ns/op
WorkloadWarmup   2: 1048576 op, 991829000.00 ns, 945.8818 ns/op
WorkloadWarmup   3: 1048576 op, 995660000.00 ns, 949.5354 ns/op
WorkloadWarmup   4: 1048576 op, 1008466200.00 ns, 961.7483 ns/op
WorkloadWarmup   5: 1048576 op, 991707500.00 ns, 945.7660 ns/op
WorkloadWarmup   6: 1048576 op, 992402000.00 ns, 946.4283 ns/op
WorkloadWarmup   7: 1048576 op, 990960700.00 ns, 945.0538 ns/op

// BeforeActualRun
WorkloadActual   1: 1048576 op, 991291900.00 ns, 945.3696 ns/op
WorkloadActual   2: 1048576 op, 998070800.00 ns, 951.8345 ns/op
WorkloadActual   3: 1048576 op, 989879600.00 ns, 944.0228 ns/op
WorkloadActual   4: 1048576 op, 992499800.00 ns, 946.5216 ns/op
WorkloadActual   5: 1048576 op, 997842600.00 ns, 951.6169 ns/op
WorkloadActual   6: 1048576 op, 997129100.00 ns, 950.9364 ns/op
WorkloadActual   7: 1048576 op, 1002583100.00 ns, 956.1378 ns/op
WorkloadActual   8: 1048576 op, 996535700.00 ns, 950.3705 ns/op
WorkloadActual   9: 1048576 op, 1026213800.00 ns, 978.6737 ns/op
WorkloadActual  10: 1048576 op, 997132900.00 ns, 950.9400 ns/op
WorkloadActual  11: 1048576 op, 996720000.00 ns, 950.5463 ns/op
WorkloadActual  12: 1048576 op, 988525600.00 ns, 942.7315 ns/op
WorkloadActual  13: 1048576 op, 997262200.00 ns, 951.0633 ns/op
WorkloadActual  14: 1048576 op, 994058900.00 ns, 948.0084 ns/op
WorkloadActual  15: 1048576 op, 989762000.00 ns, 943.9106 ns/op

// AfterActualRun
WorkloadResult   1: 1048576 op, 991291900.00 ns, 945.3696 ns/op
WorkloadResult   2: 1048576 op, 998070800.00 ns, 951.8345 ns/op
WorkloadResult   3: 1048576 op, 989879600.00 ns, 944.0228 ns/op
WorkloadResult   4: 1048576 op, 992499800.00 ns, 946.5216 ns/op
WorkloadResult   5: 1048576 op, 997842600.00 ns, 951.6169 ns/op
WorkloadResult   6: 1048576 op, 997129100.00 ns, 950.9364 ns/op
WorkloadResult   7: 1048576 op, 1002583100.00 ns, 956.1378 ns/op
WorkloadResult   8: 1048576 op, 996535700.00 ns, 950.3705 ns/op
WorkloadResult   9: 1048576 op, 997132900.00 ns, 950.9400 ns/op
WorkloadResult  10: 1048576 op, 996720000.00 ns, 950.5463 ns/op
WorkloadResult  11: 1048576 op, 988525600.00 ns, 942.7315 ns/op
WorkloadResult  12: 1048576 op, 997262200.00 ns, 951.0633 ns/op
WorkloadResult  13: 1048576 op, 994058900.00 ns, 948.0084 ns/op
WorkloadResult  14: 1048576 op, 989762000.00 ns, 943.9106 ns/op
GC:  393 0 0 1644167168 1048576

// AfterAll

Mean = 948.8579 ns, StdErr = 1.0267 ns (0.11%); N = 14, StdDev = 3.8417 ns
Min = 942.7315 ns, Q1 = 945.3696 ns, Median = 950.4584 ns, Q3 = 951.0633 ns, Max = 956.1378 ns
IQR = 5.6937 ns, LowerFence = 936.8290 ns, UpperFence = 959.6039 ns
ConfidenceInterval = [944.5242 ns; 953.1915 ns] (CI 99.9%), Margin = 4.3337 ns (0.46% of Mean)
Skewness = -0.06, Kurtosis = 1.89, MValue = 2

Successfully reverted power plan (GUID: 381b4222-f694-41f0-9685-ff5bb260df2e FriendlyName: Balanced)
// ***** BenchmarkRunner: Finish  *****

// * Export *
  results\JsonDotNet\results\SerializerDictSupport.JsonDotNet_DictionaryPerf-report.csv
  results\JsonDotNet\results\SerializerDictSupport.JsonDotNet_DictionaryPerf-report-github.md
  results\JsonDotNet\results\SerializerDictSupport.JsonDotNet_DictionaryPerf-report.html
  results\JsonDotNet\results\SerializerDictSupport.JsonDotNet_DictionaryPerf-report-full.json

// * Detailed results *
JsonDotNet_DictionaryPerf.DeserializeDict: DefaultJob
Runtime = .NET Core 3.0.0-preview6-27729-05 (CoreCLR 4.700.19.27901, CoreFX 4.700.19.27903), 64bit RyuJIT; GC = Concurrent Workstation
Mean = 948.2793 ns, StdErr = 1.1884 ns (0.13%); N = 14, StdDev = 4.4466 ns
Min = 940.2156 ns, Q1 = 947.6629 ns, Median = 948.9457 ns, Q3 = 951.1322 ns, Max = 954.7455 ns
IQR = 3.4693 ns, LowerFence = 942.4590 ns, UpperFence = 956.3361 ns
ConfidenceInterval = [943.2633 ns; 953.2953 ns] (CI 99.9%), Margin = 5.0160 ns (0.53% of Mean)
Skewness = -0.53, Kurtosis = 2.13, MValue = 2
-------------------- Histogram --------------------
[938.601 ns ; 956.360 ns) | @@@@@@@@@@@@@@
---------------------------------------------------

JsonDotNet_DictionaryPerf.DeserializeIDict: DefaultJob
Runtime = .NET Core 3.0.0-preview6-27729-05 (CoreCLR 4.700.19.27901, CoreFX 4.700.19.27903), 64bit RyuJIT; GC = Concurrent Workstation
Mean = 959.0085 ns, StdErr = 1.5880 ns (0.17%); N = 14, StdDev = 5.9419 ns
Min = 949.1062 ns, Q1 = 955.3188 ns, Median = 958.7488 ns, Q3 = 962.6635 ns, Max = 970.1107 ns
IQR = 7.3446 ns, LowerFence = 944.3019 ns, UpperFence = 973.6804 ns
ConfidenceInterval = [952.3057 ns; 965.7113 ns] (CI 99.9%), Margin = 6.7028 ns (0.70% of Mean)
Skewness = 0.23, Kurtosis = 2.2, MValue = 2
-------------------- Histogram --------------------
[946.949 ns ; 972.268 ns) | @@@@@@@@@@@@@@
---------------------------------------------------

JsonDotNet_DictionaryPerf.DeserializeIReadOnlyDict: DefaultJob
Runtime = .NET Core 3.0.0-preview6-27729-05 (CoreCLR 4.700.19.27901, CoreFX 4.700.19.27903), 64bit RyuJIT; GC = Concurrent Workstation
Mean = 1.0108 us, StdErr = 0.0007 us (0.07%); N = 15, StdDev = 0.0028 us
Min = 1.0053 us, Q1 = 1.0090 us, Median = 1.0103 us, Q3 = 1.0130 us, Max = 1.0151 us
IQR = 0.0039 us, LowerFence = 1.0031 us, UpperFence = 1.0189 us
ConfidenceInterval = [1.0078 us; 1.0138 us] (CI 99.9%), Margin = 0.0030 us (0.30% of Mean)
Skewness = 0.12, Kurtosis = 2.16, MValue = 2
-------------------- Histogram --------------------
[1.004 us ; 1.016 us) | @@@@@@@@@@@@@@@
---------------------------------------------------

JsonDotNet_DictionaryPerf.SerializeDict_ToString: DefaultJob
Runtime = .NET Core 3.0.0-preview6-27729-05 (CoreCLR 4.700.19.27901, CoreFX 4.700.19.27903), 64bit RyuJIT; GC = Concurrent Workstation
Mean = 593.4996 ns, StdErr = 0.3610 ns (0.06%); N = 14, StdDev = 1.3506 ns
Min = 591.3912 ns, Q1 = 592.1023 ns, Median = 594.0016 ns, Q3 = 594.4256 ns, Max = 595.3346 ns
IQR = 2.3232 ns, LowerFence = 588.6175 ns, UpperFence = 597.9105 ns
ConfidenceInterval = [591.9761 ns; 595.0232 ns] (CI 99.9%), Margin = 1.5236 ns (0.26% of Mean)
Skewness = -0.3, Kurtosis = 1.42, MValue = 2
-------------------- Histogram --------------------
[590.901 ns ; 595.825 ns) | @@@@@@@@@@@@@@
---------------------------------------------------

JsonDotNet_DictionaryPerf.SerializeIDict_ToString: DefaultJob
Runtime = .NET Core 3.0.0-preview6-27729-05 (CoreCLR 4.700.19.27901, CoreFX 4.700.19.27903), 64bit RyuJIT; GC = Concurrent Workstation
Mean = 607.1588 ns, StdErr = 0.6322 ns (0.10%); N = 15, StdDev = 2.4483 ns
Min = 602.5043 ns, Q1 = 605.2935 ns, Median = 607.0455 ns, Q3 = 608.7413 ns, Max = 610.9861 ns
IQR = 3.4478 ns, LowerFence = 600.1217 ns, UpperFence = 613.9130 ns
ConfidenceInterval = [604.5414 ns; 609.7762 ns] (CI 99.9%), Margin = 2.6174 ns (0.43% of Mean)
Skewness = -0.26, Kurtosis = 2.02, MValue = 2
-------------------- Histogram --------------------
[601.636 ns ; 611.855 ns) | @@@@@@@@@@@@@@@
---------------------------------------------------

JsonDotNet_DictionaryPerf.SerializeIReadOnlyDict_ToString: DefaultJob
Runtime = .NET Core 3.0.0-preview6-27729-05 (CoreCLR 4.700.19.27901, CoreFX 4.700.19.27903), 64bit RyuJIT; GC = Concurrent Workstation
Mean = 598.5153 ns, StdErr = 0.6665 ns (0.11%); N = 15, StdDev = 2.5814 ns
Min = 593.6719 ns, Q1 = 595.7414 ns, Median = 599.2317 ns, Q3 = 599.9660 ns, Max = 603.4665 ns
IQR = 4.2246 ns, LowerFence = 589.4045 ns, UpperFence = 606.3028 ns
ConfidenceInterval = [595.7556 ns; 601.2749 ns] (CI 99.9%), Margin = 2.7597 ns (0.46% of Mean)
Skewness = -0.13, Kurtosis = 2.21, MValue = 2
-------------------- Histogram --------------------
[592.756 ns ; 604.383 ns) | @@@@@@@@@@@@@@@
---------------------------------------------------

JsonDotNet_DictionaryPerf.DeserializeImmutableDict: DefaultJob
Runtime = .NET Core 3.0.0-preview6-27729-05 (CoreCLR 4.700.19.27901, CoreFX 4.700.19.27903), 64bit RyuJIT; GC = Concurrent Workstation
Mean = 1.4265 us, StdErr = 0.0015 us (0.11%); N = 15, StdDev = 0.0059 us
Min = 1.4178 us, Q1 = 1.4212 us, Median = 1.4247 us, Q3 = 1.4312 us, Max = 1.4370 us
IQR = 0.0100 us, LowerFence = 1.4062 us, UpperFence = 1.4463 us
ConfidenceInterval = [1.4201 us; 1.4328 us] (CI 99.9%), Margin = 0.0063 us (0.44% of Mean)
Skewness = 0.25, Kurtosis = 1.64, MValue = 2
-------------------- Histogram --------------------
[1.416 us ; 1.439 us) | @@@@@@@@@@@@@@@
---------------------------------------------------

JsonDotNet_DictionaryPerf.DeserializeIImmutableDict: DefaultJob
Runtime = .NET Core 3.0.0-preview6-27729-05 (CoreCLR 4.700.19.27901, CoreFX 4.700.19.27903), 64bit RyuJIT; GC = Concurrent Workstation
Mean = 1.8397 us, StdErr = 0.0041 us (0.22%); N = 13, StdDev = 0.0149 us
Min = 1.8186 us, Q1 = 1.8271 us, Median = 1.8396 us, Q3 = 1.8502 us, Max = 1.8684 us
IQR = 0.0231 us, LowerFence = 1.7924 us, UpperFence = 1.8848 us
ConfidenceInterval = [1.8218 us; 1.8576 us] (CI 99.9%), Margin = 0.0179 us (0.97% of Mean)
Skewness = 0.27, Kurtosis = 1.93, MValue = 2
-------------------- Histogram --------------------
[1.813 us ; 1.874 us) | @@@@@@@@@@@@@
---------------------------------------------------

JsonDotNet_DictionaryPerf.DeserializeImmutableSortedDict: DefaultJob
Runtime = .NET Core 3.0.0-preview6-27729-05 (CoreCLR 4.700.19.27901, CoreFX 4.700.19.27903), 64bit RyuJIT; GC = Concurrent Workstation
Mean = 1.7262 us, StdErr = 0.0017 us (0.10%); N = 14, StdDev = 0.0065 us
Min = 1.7126 us, Q1 = 1.7243 us, Median = 1.7276 us, Q3 = 1.7300 us, Max = 1.7355 us
IQR = 0.0057 us, LowerFence = 1.7157 us, UpperFence = 1.7386 us
ConfidenceInterval = [1.7189 us; 1.7336 us] (CI 99.9%), Margin = 0.0074 us (0.43% of Mean)
Skewness = -0.68, Kurtosis = 2.5, MValue = 2
-------------------- Histogram --------------------
[1.710 us ; 1.738 us) | @@@@@@@@@@@@@@
---------------------------------------------------

JsonDotNet_DictionaryPerf.SerializeImmutableDict_ToString: DefaultJob
Runtime = .NET Core 3.0.0-preview6-27729-05 (CoreCLR 4.700.19.27901, CoreFX 4.700.19.27903), 64bit RyuJIT; GC = Concurrent Workstation
Mean = 1.1969 us, StdErr = 0.0015 us (0.13%); N = 14, StdDev = 0.0056 us
Min = 1.1843 us, Q1 = 1.1947 us, Median = 1.1979 us, Q3 = 1.1995 us, Max = 1.2077 us
IQR = 0.0048 us, LowerFence = 1.1874 us, UpperFence = 1.2068 us
ConfidenceInterval = [1.1905 us; 1.2033 us] (CI 99.9%), Margin = 0.0064 us (0.53% of Mean)
Skewness = -0.37, Kurtosis = 3.1, MValue = 2
-------------------- Histogram --------------------
[1.182 us ; 1.208 us) | @@@@@@@@@@@@@@
---------------------------------------------------

JsonDotNet_DictionaryPerf.SerializeIImmutableDict_ToString: DefaultJob
Runtime = .NET Core 3.0.0-preview6-27729-05 (CoreCLR 4.700.19.27901, CoreFX 4.700.19.27903), 64bit RyuJIT; GC = Concurrent Workstation
Mean = 1.1920 us, StdErr = 0.0009 us (0.07%); N = 15, StdDev = 0.0033 us
Min = 1.1865 us, Q1 = 1.1888 us, Median = 1.1926 us, Q3 = 1.1946 us, Max = 1.1970 us
IQR = 0.0058 us, LowerFence = 1.1800 us, UpperFence = 1.2033 us
ConfidenceInterval = [1.1884 us; 1.1955 us] (CI 99.9%), Margin = 0.0035 us (0.30% of Mean)
Skewness = -0.07, Kurtosis = 1.53, MValue = 2
-------------------- Histogram --------------------
[1.185 us ; 1.198 us) | @@@@@@@@@@@@@@@
---------------------------------------------------

JsonDotNet_DictionaryPerf.SerializeImmutableSortedDict_ToString: DefaultJob
Runtime = .NET Core 3.0.0-preview6-27729-05 (CoreCLR 4.700.19.27901, CoreFX 4.700.19.27903), 64bit RyuJIT; GC = Concurrent Workstation
Mean = 948.8579 ns, StdErr = 1.0267 ns (0.11%); N = 14, StdDev = 3.8417 ns
Min = 942.7315 ns, Q1 = 945.3696 ns, Median = 950.4584 ns, Q3 = 951.0633 ns, Max = 956.1378 ns
IQR = 5.6937 ns, LowerFence = 936.8290 ns, UpperFence = 959.6039 ns
ConfidenceInterval = [944.5242 ns; 953.1915 ns] (CI 99.9%), Margin = 4.3337 ns (0.46% of Mean)
Skewness = -0.06, Kurtosis = 1.89, MValue = 2
-------------------- Histogram --------------------
[941.337 ns ; 957.533 ns) | @@@@@@@@@@@@@@
---------------------------------------------------

// * Summary *

BenchmarkDotNet=v0.11.5, OS=Windows 10.0.17763.503 (1809/October2018Update/Redstone5)
Intel Core i7-7700 CPU 3.60GHz (Kaby Lake), 1 CPU, 8 logical and 4 physical cores
.NET Core SDK=3.0.100-preview6-012121
  [Host]     : .NET Core 3.0.0-preview6-27729-05 (CoreCLR 4.700.19.27901, CoreFX 4.700.19.27903), 64bit RyuJIT
  DefaultJob : .NET Core 3.0.0-preview6-27729-05 (CoreCLR 4.700.19.27901, CoreFX 4.700.19.27903), 64bit RyuJIT


|                                Method |       Mean |     Error |    StdDev |  Gen 0 | Gen 1 | Gen 2 | Allocated |
|-------------------------------------- |-----------:|----------:|----------:|-------:|------:|------:|----------:|
|                       DeserializeDict |   948.3 ns |  5.016 ns |  4.447 ns | 0.7010 |     - |     - |   2.87 KB |
|                      DeserializeIDict |   959.0 ns |  6.703 ns |  5.942 ns | 0.7000 |     - |     - |   2.87 KB |
|              DeserializeIReadOnlyDict | 1,010.8 ns |  2.997 ns |  2.804 ns | 0.7172 |     - |     - |   2.94 KB |
|                SerializeDict_ToString |   593.5 ns |  1.524 ns |  1.351 ns | 0.3443 |     - |     - |   1.41 KB |
|               SerializeIDict_ToString |   607.2 ns |  2.617 ns |  2.448 ns | 0.3443 |     - |     - |   1.41 KB |
|       SerializeIReadOnlyDict_ToString |   598.5 ns |  2.760 ns |  2.581 ns | 0.3443 |     - |     - |   1.41 KB |
|              DeserializeImmutableDict | 1,426.5 ns |  6.333 ns |  5.924 ns | 0.7629 |     - |     - |   3.12 KB |
|             DeserializeIImmutableDict | 1,839.7 ns | 17.861 ns | 14.915 ns | 0.8793 |     - |     - |   3.59 KB |
|        DeserializeImmutableSortedDict | 1,726.2 ns |  7.363 ns |  6.527 ns | 0.8793 |     - |     - |   3.59 KB |
|       SerializeImmutableDict_ToString | 1,196.9 ns |  6.363 ns |  5.640 ns | 0.3967 |     - |     - |   1.63 KB |
|      SerializeIImmutableDict_ToString | 1,192.0 ns |  3.545 ns |  3.316 ns | 0.3967 |     - |     - |   1.63 KB |
| SerializeImmutableSortedDict_ToString |   948.9 ns |  4.334 ns |  3.842 ns | 0.3748 |     - |     - |   1.53 KB |

// * Hints *
Outliers
  JsonDotNet_DictionaryPerf.DeserializeDict: Default                       -> 1 outlier  was  removed, 3 outliers were detected (940.22 ns, 940.80 ns, 1.27 us)
  JsonDotNet_DictionaryPerf.DeserializeIDict: Default                      -> 1 outlier  was  removed (980.63 ns)
  JsonDotNet_DictionaryPerf.SerializeDict_ToString: Default                -> 1 outlier  was  removed (767.45 ns)
  JsonDotNet_DictionaryPerf.DeserializeIImmutableDict: Default             -> 2 outliers were removed (1.92 us, 2.61 us)
  JsonDotNet_DictionaryPerf.DeserializeImmutableSortedDict: Default        -> 1 outlier  was  removed, 2 outliers were detected (1.71 us, 1.80 us)
  JsonDotNet_DictionaryPerf.SerializeImmutableDict_ToString: Default       -> 1 outlier  was  removed, 2 outliers were detected (1.18 us, 1.57 us)
  JsonDotNet_DictionaryPerf.SerializeImmutableSortedDict_ToString: Default -> 1 outlier  was  removed (978.67 ns)

// * Legends *
  Mean      : Arithmetic mean of all measurements
  Error     : Half of 99.9% confidence interval
  StdDev    : Standard deviation of all measurements
  Gen 0     : GC Generation 0 collects per 1000 operations
  Gen 1     : GC Generation 1 collects per 1000 operations
  Gen 2     : GC Generation 2 collects per 1000 operations
  Allocated : Allocated memory per single operation (managed only, inclusive, 1KB = 1024B)
  1 ns      : 1 Nanosecond (0.000000001 sec)

// * Diagnostic Output - MemoryDiagnoser *


// ***** BenchmarkRunner: End *****
// ** Remained 0 benchmark(s) to run **
Run time: 00:03:54 (234.91 sec), executed benchmarks: 12

Global total time: 00:03:59 (239.32 sec), executed benchmarks: 12
// * Artifacts cleanup *
