// Validating benchmarks:
// ***** BenchmarkRunner: Start   *****
// ***** Found 6 benchmark(s) in total *****
// ***** Building 1 exe(s) in Parallel: Start   *****
// start dotnet restore  /p:UseSharedCompilation=false /p:BuildInParallel=false /m:1 in D:\benchmarks\SerializerDictSupport\bin\Release\netcoreapp3.0\63adafb0-baa2-447d-a36d-1fee4f1cc4bd
// command took 1.62s and exited with 0
// start dotnet build -c Release  --no-restore /p:UseSharedCompilation=false /p:BuildInParallel=false /m:1 in D:\benchmarks\SerializerDictSupport\bin\Release\netcoreapp3.0\63adafb0-baa2-447d-a36d-1fee4f1cc4bd
// command took 11.96s and exited with 1
// start dotnet build -c Release  --no-restore --no-dependencies /p:UseSharedCompilation=false /p:BuildInParallel=false /m:1 in D:\benchmarks\SerializerDictSupport\bin\Release\netcoreapp3.0\63adafb0-baa2-447d-a36d-1fee4f1cc4bd
// command took 2.22s and exited with 0
// start dotnet publish -c Release  --no-build --no-restore /p:UseSharedCompilation=false /p:BuildInParallel=false /m:1 in D:\benchmarks\SerializerDictSupport\bin\Release\netcoreapp3.0\63adafb0-baa2-447d-a36d-1fee4f1cc4bd
// command took 1.09s and exited with 0
// ***** Done, took 00:00:17 (17.25 sec)   *****
// Found 6 benchmarks:
//   DictionaryPerf.DeserializeDict: Job-MPWNJU(Runtime=Core, Toolchain=CoreRun)
//   DictionaryPerf.DeserializeIDict: Job-MPWNJU(Runtime=Core, Toolchain=CoreRun)
//   DictionaryPerf.DeserializeIReadOnlyDict: Job-MPWNJU(Runtime=Core, Toolchain=CoreRun)
//   DictionaryPerf.SerializeDict: Job-MPWNJU(Runtime=Core, Toolchain=CoreRun)
//   DictionaryPerf.SerializeIDict: Job-MPWNJU(Runtime=Core, Toolchain=CoreRun)
//   DictionaryPerf.SerializeIReadOnlyDict: Job-MPWNJU(Runtime=Core, Toolchain=CoreRun)

Setup power plan (GUID: 8c5e7fda-e8bf-4a96-9a85-a6e23a8c635c FriendlyName: High performance)// **************************
// Benchmark: DictionaryPerf.DeserializeDict: Job-MPWNJU(Runtime=Core, Toolchain=CoreRun)
// *** Execute ***
// Launch: 1 / 1
// Execute: D:\repos\corefx\artifacts\bin\runtime\9f02e737-4657-4516-a212-5d3e6b9c90d3\CoreRun.exe "63adafb0-baa2-447d-a36d-1fee4f1cc4bd.dll" --benchmarkName "SerializerDictSupport.DictionaryPerf.DeserializeDict" --job "Runtime=Core, Toolchain=CoreRun" --benchmarkId 0 in D:\benchmarks\SerializerDictSupport\bin\Release\netcoreapp3.0\63adafb0-baa2-447d-a36d-1fee4f1cc4bd\bin\Release\netcoreapp3.0\publish
// BeforeAnythingElse

// Benchmark Process Environment Information:
// Runtime=.NET Core ? (CoreCLR 3.0.19.27171, CoreFX 4.700.19.27801), 64bit RyuJIT
// GC=Concurrent Workstation
// Job: Job-ARKSIY(Runtime=Core)

OverheadJitting  1: 1 op, 387600.00 ns, 387.6000 us/op
WorkloadJitting  1: 1 op, 23265100.00 ns, 23.2651 ms/op

OverheadJitting  2: 16 op, 700000.00 ns, 43.7500 us/op
WorkloadJitting  2: 16 op, 773700.00 ns, 48.3563 us/op

WorkloadPilot    1: 16 op, 43700.00 ns, 2.7313 us/op
WorkloadPilot    2: 32 op, 51700.00 ns, 1.6156 us/op
WorkloadPilot    3: 64 op, 130300.00 ns, 2.0359 us/op
WorkloadPilot    4: 128 op, 216000.00 ns, 1.6875 us/op
WorkloadPilot    5: 256 op, 411900.00 ns, 1.6090 us/op
WorkloadPilot    6: 512 op, 749700.00 ns, 1.4643 us/op
WorkloadPilot    7: 1024 op, 1543900.00 ns, 1.5077 us/op
WorkloadPilot    8: 2048 op, 3267100.00 ns, 1.5953 us/op
WorkloadPilot    9: 4096 op, 6550200.00 ns, 1.5992 us/op
WorkloadPilot   10: 8192 op, 12384600.00 ns, 1.5118 us/op
WorkloadPilot   11: 16384 op, 25126100.00 ns, 1.5336 us/op
WorkloadPilot   12: 32768 op, 47289700.00 ns, 1.4432 us/op
WorkloadPilot   13: 65536 op, 62868700.00 ns, 959.3002 ns/op
WorkloadPilot   14: 131072 op, 93089500.00 ns, 710.2165 ns/op
WorkloadPilot   15: 262144 op, 180746900.00 ns, 689.4947 ns/op
WorkloadPilot   16: 524288 op, 356683400.00 ns, 680.3196 ns/op
WorkloadPilot   17: 1048576 op, 709042500.00 ns, 676.1956 ns/op

OverheadWarmup   1: 1048576 op, 3727200.00 ns, 3.5545 ns/op
OverheadWarmup   2: 1048576 op, 3728300.00 ns, 3.5556 ns/op
OverheadWarmup   3: 1048576 op, 3758000.00 ns, 3.5839 ns/op
OverheadWarmup   4: 1048576 op, 3926400.00 ns, 3.7445 ns/op
OverheadWarmup   5: 1048576 op, 3738500.00 ns, 3.5653 ns/op
OverheadWarmup   6: 1048576 op, 3977000.00 ns, 3.7928 ns/op
OverheadWarmup   7: 1048576 op, 3749900.00 ns, 3.5762 ns/op

OverheadActual   1: 1048576 op, 3707200.00 ns, 3.5355 ns/op
OverheadActual   2: 1048576 op, 3694400.00 ns, 3.5233 ns/op
OverheadActual   3: 1048576 op, 3676300.00 ns, 3.5060 ns/op
OverheadActual   4: 1048576 op, 3731100.00 ns, 3.5583 ns/op
OverheadActual   5: 1048576 op, 3649500.00 ns, 3.4804 ns/op
OverheadActual   6: 1048576 op, 3700800.00 ns, 3.5294 ns/op
OverheadActual   7: 1048576 op, 3702300.00 ns, 3.5308 ns/op
OverheadActual   8: 1048576 op, 3759700.00 ns, 3.5855 ns/op
OverheadActual   9: 1048576 op, 4070000.00 ns, 3.8815 ns/op
OverheadActual  10: 1048576 op, 3767300.00 ns, 3.5928 ns/op
OverheadActual  11: 1048576 op, 3770900.00 ns, 3.5962 ns/op
OverheadActual  12: 1048576 op, 3811400.00 ns, 3.6348 ns/op
OverheadActual  13: 1048576 op, 3731500.00 ns, 3.5586 ns/op
OverheadActual  14: 1048576 op, 3682900.00 ns, 3.5123 ns/op
OverheadActual  15: 1048576 op, 3885100.00 ns, 3.7051 ns/op

WorkloadWarmup   1: 1048576 op, 718635600.00 ns, 685.3443 ns/op
WorkloadWarmup   2: 1048576 op, 716432900.00 ns, 683.2437 ns/op
WorkloadWarmup   3: 1048576 op, 707226800.00 ns, 674.4640 ns/op
WorkloadWarmup   4: 1048576 op, 705445200.00 ns, 672.7650 ns/op
WorkloadWarmup   5: 1048576 op, 739816900.00 ns, 705.5444 ns/op
WorkloadWarmup   6: 1048576 op, 774773600.00 ns, 738.8817 ns/op
WorkloadWarmup   7: 1048576 op, 759443600.00 ns, 724.2619 ns/op
WorkloadWarmup   8: 1048576 op, 700347500.00 ns, 667.9034 ns/op
WorkloadWarmup   9: 1048576 op, 730599900.00 ns, 696.7544 ns/op
WorkloadWarmup  10: 1048576 op, 725486300.00 ns, 691.8777 ns/op

// BeforeActualRun
WorkloadActual   1: 1048576 op, 717159600.00 ns, 683.9367 ns/op
WorkloadActual   2: 1048576 op, 716255600.00 ns, 683.0746 ns/op
WorkloadActual   3: 1048576 op, 733393400.00 ns, 699.4184 ns/op
WorkloadActual   4: 1048576 op, 831635200.00 ns, 793.1091 ns/op
WorkloadActual   5: 1048576 op, 739491500.00 ns, 705.2341 ns/op
WorkloadActual   6: 1048576 op, 740504000.00 ns, 706.1996 ns/op
WorkloadActual   7: 1048576 op, 729422200.00 ns, 695.6312 ns/op
WorkloadActual   8: 1048576 op, 800291000.00 ns, 763.2170 ns/op
WorkloadActual   9: 1048576 op, 744459000.00 ns, 709.9714 ns/op
WorkloadActual  10: 1048576 op, 872129600.00 ns, 831.7276 ns/op
WorkloadActual  11: 1048576 op, 756518800.00 ns, 721.4725 ns/op
WorkloadActual  12: 1048576 op, 721107100.00 ns, 687.7013 ns/op
WorkloadActual  13: 1048576 op, 708262900.00 ns, 675.4521 ns/op
WorkloadActual  14: 1048576 op, 710398100.00 ns, 677.4884 ns/op
WorkloadActual  15: 1048576 op, 720898200.00 ns, 687.5021 ns/op
WorkloadActual  16: 1048576 op, 716534800.00 ns, 683.3408 ns/op
WorkloadActual  17: 1048576 op, 728560000.00 ns, 694.8090 ns/op
WorkloadActual  18: 1048576 op, 721236900.00 ns, 687.8251 ns/op
WorkloadActual  19: 1048576 op, 713542600.00 ns, 680.4873 ns/op

// AfterActualRun
WorkloadResult   1: 1048576 op, 713428500.00 ns, 680.3784 ns/op
WorkloadResult   2: 1048576 op, 712524500.00 ns, 679.5163 ns/op
WorkloadResult   3: 1048576 op, 729662300.00 ns, 695.8602 ns/op
WorkloadResult   4: 1048576 op, 735760400.00 ns, 701.6758 ns/op
WorkloadResult   5: 1048576 op, 736772900.00 ns, 702.6414 ns/op
WorkloadResult   6: 1048576 op, 725691100.00 ns, 692.0730 ns/op
WorkloadResult   7: 1048576 op, 740727900.00 ns, 706.4132 ns/op
WorkloadResult   8: 1048576 op, 752787700.00 ns, 717.9143 ns/op
WorkloadResult   9: 1048576 op, 717376000.00 ns, 684.1431 ns/op
WorkloadResult  10: 1048576 op, 704531800.00 ns, 671.8939 ns/op
WorkloadResult  11: 1048576 op, 706667000.00 ns, 673.9302 ns/op
WorkloadResult  12: 1048576 op, 717167100.00 ns, 683.9438 ns/op
WorkloadResult  13: 1048576 op, 712803700.00 ns, 679.7826 ns/op
WorkloadResult  14: 1048576 op, 724828900.00 ns, 691.2507 ns/op
WorkloadResult  15: 1048576 op, 717505800.00 ns, 684.2669 ns/op
WorkloadResult  16: 1048576 op, 709811500.00 ns, 676.9290 ns/op
GC:  104 0 0 436207616 1048576

// AfterAll

Mean = 688.9133 ns, StdErr = 3.2492 ns (0.47%); N = 16, StdDev = 12.9966 ns
Min = 671.8939 ns, Q1 = 679.6494 ns, Median = 684.2050 ns, Q3 = 698.7680 ns, Max = 717.9143 ns
IQR = 19.1185 ns, LowerFence = 650.9716 ns, UpperFence = 727.4458 ns
ConfidenceInterval = [675.6802 ns; 702.1464 ns] (CI 99.9%), Margin = 13.2331 ns (1.92% of Mean)
Skewness = 0.63, Kurtosis = 2.28, MValue = 2

// **************************
// Benchmark: DictionaryPerf.DeserializeIDict: Job-MPWNJU(Runtime=Core, Toolchain=CoreRun)
// *** Execute ***
// Launch: 1 / 1
// Execute: D:\repos\corefx\artifacts\bin\runtime\9f02e737-4657-4516-a212-5d3e6b9c90d3\CoreRun.exe "63adafb0-baa2-447d-a36d-1fee4f1cc4bd.dll" --benchmarkName "SerializerDictSupport.DictionaryPerf.DeserializeIDict" --job "Runtime=Core, Toolchain=CoreRun" --benchmarkId 1 in D:\benchmarks\SerializerDictSupport\bin\Release\netcoreapp3.0\63adafb0-baa2-447d-a36d-1fee4f1cc4bd\bin\Release\netcoreapp3.0\publish
// BeforeAnythingElse

// Benchmark Process Environment Information:
// Runtime=.NET Core ? (CoreCLR 3.0.19.27171, CoreFX 4.700.19.27801), 64bit RyuJIT
// GC=Concurrent Workstation
// Job: Job-SMTSXB(Runtime=Core)

OverheadJitting  1: 1 op, 446100.00 ns, 446.1000 us/op
WorkloadJitting  1: 1 op, 24396300.00 ns, 24.3963 ms/op

OverheadJitting  2: 16 op, 695700.00 ns, 43.4813 us/op
WorkloadJitting  2: 16 op, 659600.00 ns, 41.2250 us/op

WorkloadPilot    1: 16 op, 64600.00 ns, 4.0375 us/op
WorkloadPilot    2: 32 op, 54100.00 ns, 1.6906 us/op
WorkloadPilot    3: 64 op, 100400.00 ns, 1.5688 us/op
WorkloadPilot    4: 128 op, 222400.00 ns, 1.7375 us/op
WorkloadPilot    5: 256 op, 420000.00 ns, 1.6406 us/op
WorkloadPilot    6: 512 op, 831800.00 ns, 1.6246 us/op
WorkloadPilot    7: 1024 op, 1551200.00 ns, 1.5148 us/op
WorkloadPilot    8: 2048 op, 3609400.00 ns, 1.7624 us/op
WorkloadPilot    9: 4096 op, 6312100.00 ns, 1.5410 us/op
WorkloadPilot   10: 8192 op, 13031300.00 ns, 1.5907 us/op
WorkloadPilot   11: 16384 op, 24643000.00 ns, 1.5041 us/op
WorkloadPilot   12: 32768 op, 48911200.00 ns, 1.4927 us/op
WorkloadPilot   13: 65536 op, 60955700.00 ns, 930.1102 ns/op
WorkloadPilot   14: 131072 op, 90200300.00 ns, 688.1737 ns/op
WorkloadPilot   15: 262144 op, 180998100.00 ns, 690.4530 ns/op
WorkloadPilot   16: 524288 op, 355592500.00 ns, 678.2389 ns/op
WorkloadPilot   17: 1048576 op, 720575900.00 ns, 687.1947 ns/op

OverheadWarmup   1: 1048576 op, 3838200.00 ns, 3.6604 ns/op
OverheadWarmup   2: 1048576 op, 3639400.00 ns, 3.4708 ns/op
OverheadWarmup   3: 1048576 op, 3650200.00 ns, 3.4811 ns/op
OverheadWarmup   4: 1048576 op, 3741800.00 ns, 3.5685 ns/op
OverheadWarmup   5: 1048576 op, 3764700.00 ns, 3.5903 ns/op
OverheadWarmup   6: 1048576 op, 3727100.00 ns, 3.5544 ns/op
OverheadWarmup   7: 1048576 op, 3728100.00 ns, 3.5554 ns/op
OverheadWarmup   8: 1048576 op, 3927100.00 ns, 3.7452 ns/op
OverheadWarmup   9: 1048576 op, 3794300.00 ns, 3.6185 ns/op

OverheadActual   1: 1048576 op, 3657900.00 ns, 3.4884 ns/op
OverheadActual   2: 1048576 op, 3737400.00 ns, 3.5643 ns/op
OverheadActual   3: 1048576 op, 3686400.00 ns, 3.5156 ns/op
OverheadActual   4: 1048576 op, 3705900.00 ns, 3.5342 ns/op
OverheadActual   5: 1048576 op, 3668700.00 ns, 3.4987 ns/op
OverheadActual   6: 1048576 op, 3768100.00 ns, 3.5935 ns/op
OverheadActual   7: 1048576 op, 3725000.00 ns, 3.5524 ns/op
OverheadActual   8: 1048576 op, 3735300.00 ns, 3.5623 ns/op
OverheadActual   9: 1048576 op, 3714500.00 ns, 3.5424 ns/op
OverheadActual  10: 1048576 op, 3782600.00 ns, 3.6074 ns/op
OverheadActual  11: 1048576 op, 3664400.00 ns, 3.4946 ns/op
OverheadActual  12: 1048576 op, 3782400.00 ns, 3.6072 ns/op
OverheadActual  13: 1048576 op, 3718100.00 ns, 3.5459 ns/op
OverheadActual  14: 1048576 op, 3676000.00 ns, 3.5057 ns/op
OverheadActual  15: 1048576 op, 3694900.00 ns, 3.5237 ns/op

WorkloadWarmup   1: 1048576 op, 734735300.00 ns, 700.6982 ns/op
WorkloadWarmup   2: 1048576 op, 717777400.00 ns, 684.5259 ns/op
WorkloadWarmup   3: 1048576 op, 701485400.00 ns, 668.9886 ns/op
WorkloadWarmup   4: 1048576 op, 707069300.00 ns, 674.3138 ns/op
WorkloadWarmup   5: 1048576 op, 704595800.00 ns, 671.9549 ns/op
WorkloadWarmup   6: 1048576 op, 707999100.00 ns, 675.2006 ns/op
WorkloadWarmup   7: 1048576 op, 703735900.00 ns, 671.1349 ns/op

// BeforeActualRun
WorkloadActual   1: 1048576 op, 709015600.00 ns, 676.1700 ns/op
WorkloadActual   2: 1048576 op, 705129600.00 ns, 672.4640 ns/op
WorkloadActual   3: 1048576 op, 727133900.00 ns, 693.4489 ns/op
WorkloadActual   4: 1048576 op, 733987100.00 ns, 699.9846 ns/op
WorkloadActual   5: 1048576 op, 739813100.00 ns, 705.5408 ns/op
WorkloadActual   6: 1048576 op, 735731900.00 ns, 701.6486 ns/op
WorkloadActual   7: 1048576 op, 699831000.00 ns, 667.4109 ns/op
WorkloadActual   8: 1048576 op, 704418000.00 ns, 671.7854 ns/op
WorkloadActual   9: 1048576 op, 707163800.00 ns, 674.4040 ns/op
WorkloadActual  10: 1048576 op, 704587900.00 ns, 671.9474 ns/op
WorkloadActual  11: 1048576 op, 708713000.00 ns, 675.8814 ns/op
WorkloadActual  12: 1048576 op, 697400000.00 ns, 665.0925 ns/op
WorkloadActual  13: 1048576 op, 696486800.00 ns, 664.2216 ns/op
WorkloadActual  14: 1048576 op, 706334600.00 ns, 673.6132 ns/op
WorkloadActual  15: 1048576 op, 747207700.00 ns, 712.5928 ns/op
WorkloadActual  16: 1048576 op, 807505700.00 ns, 770.0974 ns/op
WorkloadActual  17: 1048576 op, 735068700.00 ns, 701.0161 ns/op
WorkloadActual  18: 1048576 op, 710330900.00 ns, 677.4243 ns/op
WorkloadActual  19: 1048576 op, 722383100.00 ns, 688.9182 ns/op
WorkloadActual  20: 1048576 op, 766792400.00 ns, 731.2702 ns/op
WorkloadActual  21: 1048576 op, 730236000.00 ns, 696.4073 ns/op
WorkloadActual  22: 1048576 op, 737377100.00 ns, 703.2176 ns/op
WorkloadActual  23: 1048576 op, 739907500.00 ns, 705.6308 ns/op
WorkloadActual  24: 1048576 op, 755821200.00 ns, 720.8073 ns/op
WorkloadActual  25: 1048576 op, 753970800.00 ns, 719.0426 ns/op
WorkloadActual  26: 1048576 op, 756847800.00 ns, 721.7863 ns/op
WorkloadActual  27: 1048576 op, 722755200.00 ns, 689.2731 ns/op
WorkloadActual  28: 1048576 op, 751814000.00 ns, 716.9857 ns/op
WorkloadActual  29: 1048576 op, 746081200.00 ns, 711.5185 ns/op
WorkloadActual  30: 1048576 op, 748801600.00 ns, 714.1129 ns/op

// AfterActualRun
WorkloadResult   1: 1048576 op, 705301100.00 ns, 672.6275 ns/op
WorkloadResult   2: 1048576 op, 701415100.00 ns, 668.9216 ns/op
WorkloadResult   3: 1048576 op, 723419400.00 ns, 689.9065 ns/op
WorkloadResult   4: 1048576 op, 730272600.00 ns, 696.4422 ns/op
WorkloadResult   5: 1048576 op, 736098600.00 ns, 701.9983 ns/op
WorkloadResult   6: 1048576 op, 732017400.00 ns, 698.1062 ns/op
WorkloadResult   7: 1048576 op, 696116500.00 ns, 663.8684 ns/op
WorkloadResult   8: 1048576 op, 700703500.00 ns, 668.2429 ns/op
WorkloadResult   9: 1048576 op, 703449300.00 ns, 670.8615 ns/op
WorkloadResult  10: 1048576 op, 700873400.00 ns, 668.4050 ns/op
WorkloadResult  11: 1048576 op, 704998500.00 ns, 672.3390 ns/op
WorkloadResult  12: 1048576 op, 693685500.00 ns, 661.5500 ns/op
WorkloadResult  13: 1048576 op, 692772300.00 ns, 660.6791 ns/op
WorkloadResult  14: 1048576 op, 702620100.00 ns, 670.0707 ns/op
WorkloadResult  15: 1048576 op, 743493200.00 ns, 709.0504 ns/op
WorkloadResult  16: 1048576 op, 731354200.00 ns, 697.4737 ns/op
WorkloadResult  17: 1048576 op, 706616400.00 ns, 673.8819 ns/op
WorkloadResult  18: 1048576 op, 718668600.00 ns, 685.3758 ns/op
WorkloadResult  19: 1048576 op, 763077900.00 ns, 727.7278 ns/op
WorkloadResult  20: 1048576 op, 726521500.00 ns, 692.8649 ns/op
WorkloadResult  21: 1048576 op, 733662600.00 ns, 699.6752 ns/op
WorkloadResult  22: 1048576 op, 736193000.00 ns, 702.0884 ns/op
WorkloadResult  23: 1048576 op, 752106700.00 ns, 717.2648 ns/op
WorkloadResult  24: 1048576 op, 750256300.00 ns, 715.5002 ns/op
WorkloadResult  25: 1048576 op, 753133300.00 ns, 718.2439 ns/op
WorkloadResult  26: 1048576 op, 719040700.00 ns, 685.7306 ns/op
WorkloadResult  27: 1048576 op, 748099500.00 ns, 713.4433 ns/op
WorkloadResult  28: 1048576 op, 742366700.00 ns, 707.9761 ns/op
WorkloadResult  29: 1048576 op, 745087100.00 ns, 710.5704 ns/op
GC:  104 0 0 436207616 1048576

// AfterAll

Mean = 690.3754 ns, StdErr = 3.7200 ns (0.54%); N = 29, StdDev = 20.0330 ns
Min = 660.6791 ns, Q1 = 670.4661 ns, Median = 692.8649 ns, Q3 = 708.5132 ns, Max = 727.7278 ns
IQR = 38.0471 ns, LowerFence = 613.3955 ns, UpperFence = 765.5838 ns
ConfidenceInterval = [676.7083 ns; 704.0424 ns] (CI 99.9%), Margin = 13.6671 ns (1.98% of Mean)
Skewness = 0.06, Kurtosis = 1.59, MValue = 3.08

// **************************
// Benchmark: DictionaryPerf.DeserializeIReadOnlyDict: Job-MPWNJU(Runtime=Core, Toolchain=CoreRun)
// *** Execute ***
// Launch: 1 / 1
// Execute: D:\repos\corefx\artifacts\bin\runtime\9f02e737-4657-4516-a212-5d3e6b9c90d3\CoreRun.exe "63adafb0-baa2-447d-a36d-1fee4f1cc4bd.dll" --benchmarkName "SerializerDictSupport.DictionaryPerf.DeserializeIReadOnlyDict" --job "Runtime=Core, Toolchain=CoreRun" --benchmarkId 2 in D:\benchmarks\SerializerDictSupport\bin\Release\netcoreapp3.0\63adafb0-baa2-447d-a36d-1fee4f1cc4bd\bin\Release\netcoreapp3.0\publish
// BeforeAnythingElse

// Benchmark Process Environment Information:
// Runtime=.NET Core ? (CoreCLR 3.0.19.27171, CoreFX 4.700.19.27801), 64bit RyuJIT
// GC=Concurrent Workstation
// Job: Job-GDEKCC(Runtime=Core)

OverheadJitting  1: 1 op, 400400.00 ns, 400.4000 us/op
WorkloadJitting  1: 1 op, 29086500.00 ns, 29.0865 ms/op

OverheadJitting  2: 16 op, 702800.00 ns, 43.9250 us/op
WorkloadJitting  2: 16 op, 1048300.00 ns, 65.5187 us/op

WorkloadPilot    1: 16 op, 131300.00 ns, 8.2063 us/op
WorkloadPilot    2: 32 op, 120900.00 ns, 3.7781 us/op
WorkloadPilot    3: 64 op, 150200.00 ns, 2.3469 us/op
WorkloadPilot    4: 128 op, 366900.00 ns, 2.8664 us/op
WorkloadPilot    5: 256 op, 571000.00 ns, 2.2305 us/op
WorkloadPilot    6: 512 op, 998700.00 ns, 1.9506 us/op
WorkloadPilot    7: 1024 op, 1966200.00 ns, 1.9201 us/op
WorkloadPilot    8: 2048 op, 3730700.00 ns, 1.8216 us/op
WorkloadPilot    9: 4096 op, 10593700.00 ns, 2.5864 us/op
WorkloadPilot   10: 8192 op, 18133500.00 ns, 2.2136 us/op
WorkloadPilot   11: 16384 op, 29056600.00 ns, 1.7735 us/op
WorkloadPilot   12: 32768 op, 49824800.00 ns, 1.5205 us/op
WorkloadPilot   13: 65536 op, 57056900.00 ns, 870.6192 ns/op
WorkloadPilot   14: 131072 op, 96593600.00 ns, 736.9507 ns/op
WorkloadPilot   15: 262144 op, 187465800.00 ns, 715.1253 ns/op
WorkloadPilot   16: 524288 op, 369997000.00 ns, 705.7133 ns/op
WorkloadPilot   17: 1048576 op, 825961100.00 ns, 787.6979 ns/op

OverheadWarmup   1: 1048576 op, 3978000.00 ns, 3.7937 ns/op
OverheadWarmup   2: 1048576 op, 3857600.00 ns, 3.6789 ns/op
OverheadWarmup   3: 1048576 op, 3943500.00 ns, 3.7608 ns/op
OverheadWarmup   4: 1048576 op, 3794200.00 ns, 3.6184 ns/op
OverheadWarmup   5: 1048576 op, 4030000.00 ns, 3.8433 ns/op
OverheadWarmup   6: 1048576 op, 3834700.00 ns, 3.6571 ns/op

OverheadActual   1: 1048576 op, 3946000.00 ns, 3.7632 ns/op
OverheadActual   2: 1048576 op, 3892400.00 ns, 3.7121 ns/op
OverheadActual   3: 1048576 op, 3762100.00 ns, 3.5878 ns/op
OverheadActual   4: 1048576 op, 4440100.00 ns, 4.2344 ns/op
OverheadActual   5: 1048576 op, 4046300.00 ns, 3.8589 ns/op
OverheadActual   6: 1048576 op, 3960100.00 ns, 3.7766 ns/op
OverheadActual   7: 1048576 op, 3935600.00 ns, 3.7533 ns/op
OverheadActual   8: 1048576 op, 4242200.00 ns, 4.0457 ns/op
OverheadActual   9: 1048576 op, 3801400.00 ns, 3.6253 ns/op
OverheadActual  10: 1048576 op, 3837000.00 ns, 3.6592 ns/op
OverheadActual  11: 1048576 op, 3979600.00 ns, 3.7952 ns/op
OverheadActual  12: 1048576 op, 3753300.00 ns, 3.5794 ns/op
OverheadActual  13: 1048576 op, 4165800.00 ns, 3.9728 ns/op
OverheadActual  14: 1048576 op, 3823700.00 ns, 3.6466 ns/op
OverheadActual  15: 1048576 op, 3839800.00 ns, 3.6619 ns/op

WorkloadWarmup   1: 1048576 op, 741129200.00 ns, 706.7959 ns/op
WorkloadWarmup   2: 1048576 op, 711803300.00 ns, 678.8285 ns/op
WorkloadWarmup   3: 1048576 op, 798010500.00 ns, 761.0421 ns/op
WorkloadWarmup   4: 1048576 op, 730775300.00 ns, 696.9216 ns/op
WorkloadWarmup   5: 1048576 op, 729858700.00 ns, 696.0475 ns/op
WorkloadWarmup   6: 1048576 op, 726161600.00 ns, 692.5217 ns/op
WorkloadWarmup   7: 1048576 op, 938477900.00 ns, 895.0023 ns/op
WorkloadWarmup   8: 1048576 op, 719562200.00 ns, 686.2280 ns/op

// BeforeActualRun
WorkloadActual   1: 1048576 op, 738836000.00 ns, 704.6089 ns/op
WorkloadActual   2: 1048576 op, 721906100.00 ns, 688.4633 ns/op
WorkloadActual   3: 1048576 op, 726936400.00 ns, 693.2606 ns/op
WorkloadActual   4: 1048576 op, 715308600.00 ns, 682.1714 ns/op
WorkloadActual   5: 1048576 op, 727087400.00 ns, 693.4046 ns/op
WorkloadActual   6: 1048576 op, 792368600.00 ns, 755.6616 ns/op
WorkloadActual   7: 1048576 op, 724887200.00 ns, 691.3063 ns/op
WorkloadActual   8: 1048576 op, 759822800.00 ns, 724.6235 ns/op
WorkloadActual   9: 1048576 op, 780003300.00 ns, 743.8691 ns/op
WorkloadActual  10: 1048576 op, 747407000.00 ns, 712.7829 ns/op
WorkloadActual  11: 1048576 op, 744997300.00 ns, 710.4848 ns/op
WorkloadActual  12: 1048576 op, 738295500.00 ns, 704.0935 ns/op
WorkloadActual  13: 1048576 op, 743435700.00 ns, 708.9955 ns/op
WorkloadActual  14: 1048576 op, 951588000.00 ns, 907.5050 ns/op
WorkloadActual  15: 1048576 op, 735348000.00 ns, 701.2825 ns/op
WorkloadActual  16: 1048576 op, 732666900.00 ns, 698.7256 ns/op
WorkloadActual  17: 1048576 op, 720144900.00 ns, 686.7837 ns/op

// AfterActualRun
WorkloadResult   1: 1048576 op, 734900400.00 ns, 700.8556 ns/op
WorkloadResult   2: 1048576 op, 717970500.00 ns, 684.7100 ns/op
WorkloadResult   3: 1048576 op, 723000800.00 ns, 689.5073 ns/op
WorkloadResult   4: 1048576 op, 711373000.00 ns, 678.4182 ns/op
WorkloadResult   5: 1048576 op, 723151800.00 ns, 689.6513 ns/op
WorkloadResult   6: 1048576 op, 788433000.00 ns, 751.9083 ns/op
WorkloadResult   7: 1048576 op, 720951600.00 ns, 687.5530 ns/op
WorkloadResult   8: 1048576 op, 755887200.00 ns, 720.8702 ns/op
WorkloadResult   9: 1048576 op, 776067700.00 ns, 740.1158 ns/op
WorkloadResult  10: 1048576 op, 743471400.00 ns, 709.0296 ns/op
WorkloadResult  11: 1048576 op, 741061700.00 ns, 706.7315 ns/op
WorkloadResult  12: 1048576 op, 734359900.00 ns, 700.3402 ns/op
WorkloadResult  13: 1048576 op, 739500100.00 ns, 705.2423 ns/op
WorkloadResult  14: 1048576 op, 731412400.00 ns, 697.5292 ns/op
WorkloadResult  15: 1048576 op, 728731300.00 ns, 694.9723 ns/op
WorkloadResult  16: 1048576 op, 716209300.00 ns, 683.0304 ns/op
GC:  104 0 0 436207616 1048576

// AfterAll

Mean = 702.5291 ns, StdErr = 5.0758 ns (0.72%); N = 16, StdDev = 20.3030 ns
Min = 678.4182 ns, Q1 = 688.5302 ns, Median = 698.9347 ns, Q3 = 707.8805 ns, Max = 751.9083 ns
IQR = 19.3504 ns, LowerFence = 659.5046 ns, UpperFence = 736.9061 ns
ConfidenceInterval = [681.8567 ns; 723.2014 ns] (CI 99.9%), Margin = 20.6723 ns (2.94% of Mean)
Skewness = 1.08, Kurtosis = 3.22, MValue = 2

// **************************
// Benchmark: DictionaryPerf.SerializeDict: Job-MPWNJU(Runtime=Core, Toolchain=CoreRun)
// *** Execute ***
// Launch: 1 / 1
// Execute: D:\repos\corefx\artifacts\bin\runtime\9f02e737-4657-4516-a212-5d3e6b9c90d3\CoreRun.exe "63adafb0-baa2-447d-a36d-1fee4f1cc4bd.dll" --benchmarkName "SerializerDictSupport.DictionaryPerf.SerializeDict" --job "Runtime=Core, Toolchain=CoreRun" --benchmarkId 3 in D:\benchmarks\SerializerDictSupport\bin\Release\netcoreapp3.0\63adafb0-baa2-447d-a36d-1fee4f1cc4bd\bin\Release\netcoreapp3.0\publish
// BeforeAnythingElse

// Benchmark Process Environment Information:
// Runtime=.NET Core ? (CoreCLR 3.0.19.27171, CoreFX 4.700.19.27801), 64bit RyuJIT
// GC=Concurrent Workstation
// Job: Job-DPDPDY(Runtime=Core)

OverheadJitting  1: 1 op, 397200.00 ns, 397.2000 us/op
WorkloadJitting  1: 1 op, 19738200.00 ns, 19.7382 ms/op

OverheadJitting  2: 16 op, 933500.00 ns, 58.3438 us/op
WorkloadJitting  2: 16 op, 828900.00 ns, 51.8062 us/op

WorkloadPilot    1: 16 op, 70800.00 ns, 4.4250 us/op
WorkloadPilot    2: 32 op, 48100.00 ns, 1.5031 us/op
WorkloadPilot    3: 64 op, 97200.00 ns, 1.5188 us/op
WorkloadPilot    4: 128 op, 170900.00 ns, 1.3352 us/op
WorkloadPilot    5: 256 op, 324900.00 ns, 1.2691 us/op
WorkloadPilot    6: 512 op, 638200.00 ns, 1.2465 us/op
WorkloadPilot    7: 1024 op, 1379000.00 ns, 1.3467 us/op
WorkloadPilot    8: 2048 op, 2607000.00 ns, 1.2729 us/op
WorkloadPilot    9: 4096 op, 5717000.00 ns, 1.3958 us/op
WorkloadPilot   10: 8192 op, 10376600.00 ns, 1.2667 us/op
WorkloadPilot   11: 16384 op, 21084100.00 ns, 1.2869 us/op
WorkloadPilot   12: 32768 op, 39962600.00 ns, 1.2196 us/op
WorkloadPilot   13: 65536 op, 77780300.00 ns, 1.1868 us/op
WorkloadPilot   14: 131072 op, 94162700.00 ns, 718.4044 ns/op
WorkloadPilot   15: 262144 op, 176687000.00 ns, 674.0074 ns/op
WorkloadPilot   16: 524288 op, 298634000.00 ns, 569.5992 ns/op
WorkloadPilot   17: 1048576 op, 598799900.00 ns, 571.0601 ns/op

OverheadWarmup   1: 1048576 op, 3875200.00 ns, 3.6957 ns/op
OverheadWarmup   2: 1048576 op, 3675900.00 ns, 3.5056 ns/op
OverheadWarmup   3: 1048576 op, 3670800.00 ns, 3.5007 ns/op
OverheadWarmup   4: 1048576 op, 3736000.00 ns, 3.5629 ns/op
OverheadWarmup   5: 1048576 op, 3749800.00 ns, 3.5761 ns/op
OverheadWarmup   6: 1048576 op, 3760900.00 ns, 3.5867 ns/op
OverheadWarmup   7: 1048576 op, 3684000.00 ns, 3.5133 ns/op
OverheadWarmup   8: 1048576 op, 3737300.00 ns, 3.5642 ns/op
OverheadWarmup   9: 1048576 op, 3783100.00 ns, 3.6078 ns/op
OverheadWarmup  10: 1048576 op, 3878400.00 ns, 3.6987 ns/op

OverheadActual   1: 1048576 op, 3731000.00 ns, 3.5582 ns/op
OverheadActual   2: 1048576 op, 3643400.00 ns, 3.4746 ns/op
OverheadActual   3: 1048576 op, 3628100.00 ns, 3.4600 ns/op
OverheadActual   4: 1048576 op, 3644200.00 ns, 3.4754 ns/op
OverheadActual   5: 1048576 op, 3704900.00 ns, 3.5333 ns/op
OverheadActual   6: 1048576 op, 3708700.00 ns, 3.5369 ns/op
OverheadActual   7: 1048576 op, 3752500.00 ns, 3.5787 ns/op
OverheadActual   8: 1048576 op, 3727600.00 ns, 3.5549 ns/op
OverheadActual   9: 1048576 op, 3692600.00 ns, 3.5215 ns/op
OverheadActual  10: 1048576 op, 3725200.00 ns, 3.5526 ns/op
OverheadActual  11: 1048576 op, 3908600.00 ns, 3.7275 ns/op
OverheadActual  12: 1048576 op, 3695900.00 ns, 3.5247 ns/op
OverheadActual  13: 1048576 op, 3773800.00 ns, 3.5990 ns/op
OverheadActual  14: 1048576 op, 3774000.00 ns, 3.5992 ns/op
OverheadActual  15: 1048576 op, 3681400.00 ns, 3.5109 ns/op

WorkloadWarmup   1: 1048576 op, 608737300.00 ns, 580.5371 ns/op
WorkloadWarmup   2: 1048576 op, 606620300.00 ns, 578.5182 ns/op
WorkloadWarmup   3: 1048576 op, 606074300.00 ns, 577.9975 ns/op
WorkloadWarmup   4: 1048576 op, 605501800.00 ns, 577.4515 ns/op
WorkloadWarmup   5: 1048576 op, 627657700.00 ns, 598.5810 ns/op
WorkloadWarmup   6: 1048576 op, 619482200.00 ns, 590.7843 ns/op
WorkloadWarmup   7: 1048576 op, 615382000.00 ns, 586.8740 ns/op
WorkloadWarmup   8: 1048576 op, 657318400.00 ns, 626.8677 ns/op
WorkloadWarmup   9: 1048576 op, 689068700.00 ns, 657.1471 ns/op
WorkloadWarmup  10: 1048576 op, 838140500.00 ns, 799.3131 ns/op
WorkloadWarmup  11: 1048576 op, 668555900.00 ns, 637.5846 ns/op

// BeforeActualRun
WorkloadActual   1: 1048576 op, 633748400.00 ns, 604.3896 ns/op
WorkloadActual   2: 1048576 op, 625369700.00 ns, 596.3990 ns/op
WorkloadActual   3: 1048576 op, 620568200.00 ns, 591.8200 ns/op
WorkloadActual   4: 1048576 op, 620571100.00 ns, 591.8227 ns/op
WorkloadActual   5: 1048576 op, 625887300.00 ns, 596.8926 ns/op
WorkloadActual   6: 1048576 op, 614561600.00 ns, 586.0916 ns/op
WorkloadActual   7: 1048576 op, 607488400.00 ns, 579.3461 ns/op
WorkloadActual   8: 1048576 op, 606956300.00 ns, 578.8386 ns/op
WorkloadActual   9: 1048576 op, 647395700.00 ns, 617.4047 ns/op
WorkloadActual  10: 1048576 op, 715264400.00 ns, 682.1293 ns/op
WorkloadActual  11: 1048576 op, 744804700.00 ns, 710.3011 ns/op
WorkloadActual  12: 1048576 op, 622869800.00 ns, 594.0149 ns/op
WorkloadActual  13: 1048576 op, 629573300.00 ns, 600.4079 ns/op
WorkloadActual  14: 1048576 op, 653174100.00 ns, 622.9154 ns/op
WorkloadActual  15: 1048576 op, 640479000.00 ns, 610.8084 ns/op
WorkloadActual  16: 1048576 op, 700451400.00 ns, 668.0025 ns/op
WorkloadActual  17: 1048576 op, 668510600.00 ns, 637.5414 ns/op
WorkloadActual  18: 1048576 op, 644041100.00 ns, 614.2055 ns/op
WorkloadActual  19: 1048576 op, 752118000.00 ns, 717.2756 ns/op
WorkloadActual  20: 1048576 op, 615134400.00 ns, 586.6379 ns/op
WorkloadActual  21: 1048576 op, 630768400.00 ns, 601.5476 ns/op
WorkloadActual  22: 1048576 op, 762113400.00 ns, 726.8080 ns/op
WorkloadActual  23: 1048576 op, 652629100.00 ns, 622.3956 ns/op
WorkloadActual  24: 1048576 op, 885008300.00 ns, 844.0097 ns/op
WorkloadActual  25: 1048576 op, 647369800.00 ns, 617.3800 ns/op
WorkloadActual  26: 1048576 op, 718427800.00 ns, 685.1461 ns/op
WorkloadActual  27: 1048576 op, 604277900.00 ns, 576.2843 ns/op
WorkloadActual  28: 1048576 op, 607045900.00 ns, 578.9241 ns/op
WorkloadActual  29: 1048576 op, 622327800.00 ns, 593.4980 ns/op
WorkloadActual  30: 1048576 op, 614854500.00 ns, 586.3709 ns/op
WorkloadActual  31: 1048576 op, 604815700.00 ns, 576.7972 ns/op
WorkloadActual  32: 1048576 op, 622389100.00 ns, 593.5565 ns/op
WorkloadActual  33: 1048576 op, 618709600.00 ns, 590.0475 ns/op
WorkloadActual  34: 1048576 op, 617918500.00 ns, 589.2930 ns/op
WorkloadActual  35: 1048576 op, 755041100.00 ns, 720.0633 ns/op
WorkloadActual  36: 1048576 op, 669321600.00 ns, 638.3148 ns/op
WorkloadActual  37: 1048576 op, 761771800.00 ns, 726.4822 ns/op
WorkloadActual  38: 1048576 op, 642001000.00 ns, 612.2599 ns/op
WorkloadActual  39: 1048576 op, 620915000.00 ns, 592.1507 ns/op
WorkloadActual  40: 1048576 op, 741699900.00 ns, 707.3401 ns/op
WorkloadActual  41: 1048576 op, 779940800.00 ns, 743.8095 ns/op
WorkloadActual  42: 1048576 op, 753778500.00 ns, 718.8592 ns/op
WorkloadActual  43: 1048576 op, 734955500.00 ns, 700.9082 ns/op
WorkloadActual  44: 1048576 op, 656184700.00 ns, 625.7865 ns/op
WorkloadActual  45: 1048576 op, 702205600.00 ns, 669.6754 ns/op
WorkloadActual  46: 1048576 op, 792058300.00 ns, 755.3657 ns/op
WorkloadActual  47: 1048576 op, 693350700.00 ns, 661.2308 ns/op
WorkloadActual  48: 1048576 op, 750538700.00 ns, 715.7695 ns/op
WorkloadActual  49: 1048576 op, 661088500.00 ns, 630.4631 ns/op
WorkloadActual  50: 1048576 op, 641694600.00 ns, 611.9677 ns/op
WorkloadActual  51: 1048576 op, 652477700.00 ns, 622.2512 ns/op
WorkloadActual  52: 1048576 op, 684443700.00 ns, 652.7364 ns/op
WorkloadActual  53: 1048576 op, 637546400.00 ns, 608.0116 ns/op
WorkloadActual  54: 1048576 op, 645827500.00 ns, 615.9091 ns/op
WorkloadActual  55: 1048576 op, 627823600.00 ns, 598.7392 ns/op
WorkloadActual  56: 1048576 op, 627064100.00 ns, 598.0149 ns/op
WorkloadActual  57: 1048576 op, 626948500.00 ns, 597.9047 ns/op
WorkloadActual  58: 1048576 op, 625550100.00 ns, 596.5711 ns/op
WorkloadActual  59: 1048576 op, 610829600.00 ns, 582.5325 ns/op
WorkloadActual  60: 1048576 op, 641650500.00 ns, 611.9256 ns/op
WorkloadActual  61: 1048576 op, 746749300.00 ns, 712.1556 ns/op
WorkloadActual  62: 1048576 op, 871071600.00 ns, 830.7186 ns/op
WorkloadActual  63: 1048576 op, 872764500.00 ns, 832.3331 ns/op
WorkloadActual  64: 1048576 op, 990148600.00 ns, 944.2793 ns/op
WorkloadActual  65: 1048576 op, 912570400.00 ns, 870.2950 ns/op
WorkloadActual  66: 1048576 op, 759299500.00 ns, 724.1244 ns/op
WorkloadActual  67: 1048576 op, 780216600.00 ns, 744.0725 ns/op
WorkloadActual  68: 1048576 op, 667973500.00 ns, 637.0292 ns/op
WorkloadActual  69: 1048576 op, 638044100.00 ns, 608.4863 ns/op
WorkloadActual  70: 1048576 op, 770461900.00 ns, 734.7697 ns/op
WorkloadActual  71: 1048576 op, 878780900.00 ns, 838.0708 ns/op
WorkloadActual  72: 1048576 op, 709609500.00 ns, 676.7364 ns/op
WorkloadActual  73: 1048576 op, 653080600.00 ns, 622.8262 ns/op
WorkloadActual  74: 1048576 op, 631715400.00 ns, 602.4508 ns/op
WorkloadActual  75: 1048576 op, 617402900.00 ns, 588.8013 ns/op
WorkloadActual  76: 1048576 op, 615185800.00 ns, 586.6869 ns/op
WorkloadActual  77: 1048576 op, 602703200.00 ns, 574.7826 ns/op
WorkloadActual  78: 1048576 op, 614785900.00 ns, 586.3055 ns/op
WorkloadActual  79: 1048576 op, 613570000.00 ns, 585.1460 ns/op
WorkloadActual  80: 1048576 op, 611367700.00 ns, 583.0457 ns/op
WorkloadActual  81: 1048576 op, 636107300.00 ns, 606.6392 ns/op
WorkloadActual  82: 1048576 op, 609405100.00 ns, 581.1740 ns/op
WorkloadActual  83: 1048576 op, 632915800.00 ns, 603.5955 ns/op
WorkloadActual  84: 1048576 op, 625615200.00 ns, 596.6331 ns/op
WorkloadActual  85: 1048576 op, 609940200.00 ns, 581.6843 ns/op
WorkloadActual  86: 1048576 op, 617019100.00 ns, 588.4353 ns/op
WorkloadActual  87: 1048576 op, 610932900.00 ns, 582.6310 ns/op
WorkloadActual  88: 1048576 op, 616356000.00 ns, 587.8029 ns/op
WorkloadActual  89: 1048576 op, 635147900.00 ns, 605.7242 ns/op
WorkloadActual  90: 1048576 op, 793737700.00 ns, 756.9673 ns/op
WorkloadActual  91: 1048576 op, 666274100.00 ns, 635.4085 ns/op
WorkloadActual  92: 1048576 op, 634524700.00 ns, 605.1299 ns/op
WorkloadActual  93: 1048576 op, 645189400.00 ns, 615.3006 ns/op
WorkloadActual  94: 1048576 op, 657216000.00 ns, 626.7700 ns/op
WorkloadActual  95: 1048576 op, 656191300.00 ns, 625.7928 ns/op
WorkloadActual  96: 1048576 op, 641521000.00 ns, 611.8021 ns/op
WorkloadActual  97: 1048576 op, 620711800.00 ns, 591.9569 ns/op
WorkloadActual  98: 1048576 op, 623884800.00 ns, 594.9829 ns/op
WorkloadActual  99: 1048576 op, 623381400.00 ns, 594.5028 ns/op
WorkloadActual  100: 1048576 op, 625156500.00 ns, 596.1957 ns/op

// AfterActualRun
WorkloadResult   1: 1048576 op, 630039700.00 ns, 600.8527 ns/op
WorkloadResult   2: 1048576 op, 621661000.00 ns, 592.8621 ns/op
WorkloadResult   3: 1048576 op, 616859500.00 ns, 588.2831 ns/op
WorkloadResult   4: 1048576 op, 616862400.00 ns, 588.2858 ns/op
WorkloadResult   5: 1048576 op, 622178600.00 ns, 593.3558 ns/op
WorkloadResult   6: 1048576 op, 610852900.00 ns, 582.5547 ns/op
WorkloadResult   7: 1048576 op, 603779700.00 ns, 575.8092 ns/op
WorkloadResult   8: 1048576 op, 603247600.00 ns, 575.3017 ns/op
WorkloadResult   9: 1048576 op, 643687000.00 ns, 613.8678 ns/op
WorkloadResult  10: 1048576 op, 711555700.00 ns, 678.5924 ns/op
WorkloadResult  11: 1048576 op, 741096000.00 ns, 706.7642 ns/op
WorkloadResult  12: 1048576 op, 619161100.00 ns, 590.4780 ns/op
WorkloadResult  13: 1048576 op, 625864600.00 ns, 596.8710 ns/op
WorkloadResult  14: 1048576 op, 649465400.00 ns, 619.3785 ns/op
WorkloadResult  15: 1048576 op, 636770300.00 ns, 607.2715 ns/op
WorkloadResult  16: 1048576 op, 696742700.00 ns, 664.4656 ns/op
WorkloadResult  17: 1048576 op, 664801900.00 ns, 634.0045 ns/op
WorkloadResult  18: 1048576 op, 640332400.00 ns, 610.6686 ns/op
WorkloadResult  19: 1048576 op, 748409300.00 ns, 713.7387 ns/op
WorkloadResult  20: 1048576 op, 611425700.00 ns, 583.1010 ns/op
WorkloadResult  21: 1048576 op, 627059700.00 ns, 598.0107 ns/op
WorkloadResult  22: 1048576 op, 758404700.00 ns, 723.2711 ns/op
WorkloadResult  23: 1048576 op, 648920400.00 ns, 618.8587 ns/op
WorkloadResult  24: 1048576 op, 643661100.00 ns, 613.8431 ns/op
WorkloadResult  25: 1048576 op, 714719100.00 ns, 681.6092 ns/op
WorkloadResult  26: 1048576 op, 600569200.00 ns, 572.7474 ns/op
WorkloadResult  27: 1048576 op, 603337200.00 ns, 575.3872 ns/op
WorkloadResult  28: 1048576 op, 618619100.00 ns, 589.9611 ns/op
WorkloadResult  29: 1048576 op, 611145800.00 ns, 582.8341 ns/op
WorkloadResult  30: 1048576 op, 601107000.00 ns, 573.2603 ns/op
WorkloadResult  31: 1048576 op, 618680400.00 ns, 590.0196 ns/op
WorkloadResult  32: 1048576 op, 615000900.00 ns, 586.5106 ns/op
WorkloadResult  33: 1048576 op, 614209800.00 ns, 585.7561 ns/op
WorkloadResult  34: 1048576 op, 751332400.00 ns, 716.5264 ns/op
WorkloadResult  35: 1048576 op, 665612900.00 ns, 634.7779 ns/op
WorkloadResult  36: 1048576 op, 758063100.00 ns, 722.9453 ns/op
WorkloadResult  37: 1048576 op, 638292300.00 ns, 608.7230 ns/op
WorkloadResult  38: 1048576 op, 617206300.00 ns, 588.6138 ns/op
WorkloadResult  39: 1048576 op, 737991200.00 ns, 703.8033 ns/op
WorkloadResult  40: 1048576 op, 776232100.00 ns, 740.2726 ns/op
WorkloadResult  41: 1048576 op, 750069800.00 ns, 715.3223 ns/op
WorkloadResult  42: 1048576 op, 731246800.00 ns, 697.3713 ns/op
WorkloadResult  43: 1048576 op, 652476000.00 ns, 622.2496 ns/op
WorkloadResult  44: 1048576 op, 698496900.00 ns, 666.1386 ns/op
WorkloadResult  45: 1048576 op, 788349600.00 ns, 751.8288 ns/op
WorkloadResult  46: 1048576 op, 689642000.00 ns, 657.6939 ns/op
WorkloadResult  47: 1048576 op, 746830000.00 ns, 712.2326 ns/op
WorkloadResult  48: 1048576 op, 657379800.00 ns, 626.9262 ns/op
WorkloadResult  49: 1048576 op, 637985900.00 ns, 608.4308 ns/op
WorkloadResult  50: 1048576 op, 648769000.00 ns, 618.7143 ns/op
WorkloadResult  51: 1048576 op, 680735000.00 ns, 649.1995 ns/op
WorkloadResult  52: 1048576 op, 633837700.00 ns, 604.4747 ns/op
WorkloadResult  53: 1048576 op, 642118800.00 ns, 612.3722 ns/op
WorkloadResult  54: 1048576 op, 624114900.00 ns, 595.2024 ns/op
WorkloadResult  55: 1048576 op, 623355400.00 ns, 594.4780 ns/op
WorkloadResult  56: 1048576 op, 623239800.00 ns, 594.3678 ns/op
WorkloadResult  57: 1048576 op, 621841400.00 ns, 593.0342 ns/op
WorkloadResult  58: 1048576 op, 607120900.00 ns, 578.9956 ns/op
WorkloadResult  59: 1048576 op, 637941800.00 ns, 608.3887 ns/op
WorkloadResult  60: 1048576 op, 743040600.00 ns, 708.6187 ns/op
WorkloadResult  61: 1048576 op, 755590800.00 ns, 720.5875 ns/op
WorkloadResult  62: 1048576 op, 776507900.00 ns, 740.5356 ns/op
WorkloadResult  63: 1048576 op, 664264800.00 ns, 633.4923 ns/op
WorkloadResult  64: 1048576 op, 634335400.00 ns, 604.9494 ns/op
WorkloadResult  65: 1048576 op, 766753200.00 ns, 731.2328 ns/op
WorkloadResult  66: 1048576 op, 705900800.00 ns, 673.1995 ns/op
WorkloadResult  67: 1048576 op, 649371900.00 ns, 619.2893 ns/op
WorkloadResult  68: 1048576 op, 628006700.00 ns, 598.9139 ns/op
WorkloadResult  69: 1048576 op, 613694200.00 ns, 585.2644 ns/op
WorkloadResult  70: 1048576 op, 611477100.00 ns, 583.1500 ns/op
WorkloadResult  71: 1048576 op, 598994500.00 ns, 571.2457 ns/op
WorkloadResult  72: 1048576 op, 611077200.00 ns, 582.7686 ns/op
WorkloadResult  73: 1048576 op, 609861300.00 ns, 581.6091 ns/op
WorkloadResult  74: 1048576 op, 607659000.00 ns, 579.5088 ns/op
WorkloadResult  75: 1048576 op, 632398600.00 ns, 603.1023 ns/op
WorkloadResult  76: 1048576 op, 605696400.00 ns, 577.6371 ns/op
WorkloadResult  77: 1048576 op, 629207100.00 ns, 600.0587 ns/op
WorkloadResult  78: 1048576 op, 621906500.00 ns, 593.0963 ns/op
WorkloadResult  79: 1048576 op, 606231500.00 ns, 578.1474 ns/op
WorkloadResult  80: 1048576 op, 613310400.00 ns, 584.8984 ns/op
WorkloadResult  81: 1048576 op, 607224200.00 ns, 579.0941 ns/op
WorkloadResult  82: 1048576 op, 612647300.00 ns, 584.2660 ns/op
WorkloadResult  83: 1048576 op, 631439200.00 ns, 602.1873 ns/op
WorkloadResult  84: 1048576 op, 790029000.00 ns, 753.4304 ns/op
WorkloadResult  85: 1048576 op, 662565400.00 ns, 631.8716 ns/op
WorkloadResult  86: 1048576 op, 630816000.00 ns, 601.5930 ns/op
WorkloadResult  87: 1048576 op, 641480700.00 ns, 611.7637 ns/op
WorkloadResult  88: 1048576 op, 653507300.00 ns, 623.2331 ns/op
WorkloadResult  89: 1048576 op, 652482600.00 ns, 622.2559 ns/op
WorkloadResult  90: 1048576 op, 637812300.00 ns, 608.2652 ns/op
WorkloadResult  91: 1048576 op, 617003100.00 ns, 588.4200 ns/op
WorkloadResult  92: 1048576 op, 620176100.00 ns, 591.4460 ns/op
WorkloadResult  93: 1048576 op, 619672700.00 ns, 590.9659 ns/op
WorkloadResult  94: 1048576 op, 621447800.00 ns, 592.6588 ns/op
GC:  82 0 0 343932928 1048576

// AfterAll

Mean = 624.0895 ns, StdErr = 5.2599 ns (0.84%); N = 94, StdDev = 50.9962 ns
Min = 571.2457 ns, Q1 = 588.2858 ns, Median = 603.7885 ns, Q3 = 634.7779 ns, Max = 753.4304 ns
IQR = 46.4921 ns, LowerFence = 518.5477 ns, UpperFence = 704.5161 ns
ConfidenceInterval = [606.2153 ns; 641.9638 ns] (CI 99.9%), Margin = 17.8742 ns (2.86% of Mean)
Skewness = 1.16, Kurtosis = 2.99, MValue = 2.3

// **************************
// Benchmark: DictionaryPerf.SerializeIDict: Job-MPWNJU(Runtime=Core, Toolchain=CoreRun)
// *** Execute ***
// Launch: 1 / 1
// Execute: D:\repos\corefx\artifacts\bin\runtime\9f02e737-4657-4516-a212-5d3e6b9c90d3\CoreRun.exe "63adafb0-baa2-447d-a36d-1fee4f1cc4bd.dll" --benchmarkName "SerializerDictSupport.DictionaryPerf.SerializeIDict" --job "Runtime=Core, Toolchain=CoreRun" --benchmarkId 4 in D:\benchmarks\SerializerDictSupport\bin\Release\netcoreapp3.0\63adafb0-baa2-447d-a36d-1fee4f1cc4bd\bin\Release\netcoreapp3.0\publish
// BeforeAnythingElse

// Benchmark Process Environment Information:
// Runtime=.NET Core ? (CoreCLR 3.0.19.27171, CoreFX 4.700.19.27801), 64bit RyuJIT
// GC=Concurrent Workstation
// Job: Job-GYVBAE(Runtime=Core)

OverheadJitting  1: 1 op, 328200.00 ns, 328.2000 us/op
WorkloadJitting  1: 1 op, 18852400.00 ns, 18.8524 ms/op

OverheadJitting  2: 16 op, 594400.00 ns, 37.1500 us/op
WorkloadJitting  2: 16 op, 719000.00 ns, 44.9375 us/op

WorkloadPilot    1: 16 op, 26300.00 ns, 1.6438 us/op
WorkloadPilot    2: 32 op, 60400.00 ns, 1.8875 us/op
WorkloadPilot    3: 64 op, 82300.00 ns, 1.2859 us/op
WorkloadPilot    4: 128 op, 156200.00 ns, 1.2203 us/op
WorkloadPilot    5: 256 op, 333400.00 ns, 1.3023 us/op
WorkloadPilot    6: 512 op, 623200.00 ns, 1.2172 us/op
WorkloadPilot    7: 1024 op, 1479500.00 ns, 1.4448 us/op
WorkloadPilot    8: 2048 op, 2591100.00 ns, 1.2652 us/op
WorkloadPilot    9: 4096 op, 4992300.00 ns, 1.2188 us/op
WorkloadPilot   10: 8192 op, 10596100.00 ns, 1.2935 us/op
WorkloadPilot   11: 16384 op, 20345500.00 ns, 1.2418 us/op
WorkloadPilot   12: 32768 op, 39264800.00 ns, 1.1983 us/op
WorkloadPilot   13: 65536 op, 77173700.00 ns, 1.1776 us/op
WorkloadPilot   14: 131072 op, 105490000.00 ns, 804.8248 ns/op
WorkloadPilot   15: 262144 op, 215604100.00 ns, 822.4644 ns/op
WorkloadPilot   16: 524288 op, 307152700.00 ns, 585.8473 ns/op
WorkloadPilot   17: 1048576 op, 610413000.00 ns, 582.1352 ns/op

OverheadWarmup   1: 1048576 op, 3631200.00 ns, 3.4630 ns/op
OverheadWarmup   2: 1048576 op, 3714300.00 ns, 3.5422 ns/op
OverheadWarmup   3: 1048576 op, 3717500.00 ns, 3.5453 ns/op
OverheadWarmup   4: 1048576 op, 3865200.00 ns, 3.6861 ns/op
OverheadWarmup   5: 1048576 op, 3678300.00 ns, 3.5079 ns/op
OverheadWarmup   6: 1048576 op, 3938000.00 ns, 3.7556 ns/op
OverheadWarmup   7: 1048576 op, 3794700.00 ns, 3.6189 ns/op

OverheadActual   1: 1048576 op, 3720300.00 ns, 3.5480 ns/op
OverheadActual   2: 1048576 op, 3947800.00 ns, 3.7649 ns/op
OverheadActual   3: 1048576 op, 3607900.00 ns, 3.4408 ns/op
OverheadActual   4: 1048576 op, 3782000.00 ns, 3.6068 ns/op
OverheadActual   5: 1048576 op, 3689300.00 ns, 3.5184 ns/op
OverheadActual   6: 1048576 op, 3758400.00 ns, 3.5843 ns/op
OverheadActual   7: 1048576 op, 3647000.00 ns, 3.4781 ns/op
OverheadActual   8: 1048576 op, 3737200.00 ns, 3.5641 ns/op
OverheadActual   9: 1048576 op, 3844500.00 ns, 3.6664 ns/op
OverheadActual  10: 1048576 op, 3669100.00 ns, 3.4991 ns/op
OverheadActual  11: 1048576 op, 3891700.00 ns, 3.7114 ns/op
OverheadActual  12: 1048576 op, 3799500.00 ns, 3.6235 ns/op
OverheadActual  13: 1048576 op, 3705500.00 ns, 3.5338 ns/op
OverheadActual  14: 1048576 op, 3723900.00 ns, 3.5514 ns/op
OverheadActual  15: 1048576 op, 3877800.00 ns, 3.6982 ns/op

WorkloadWarmup   1: 1048576 op, 607669600.00 ns, 579.5189 ns/op
WorkloadWarmup   2: 1048576 op, 610393700.00 ns, 582.1168 ns/op
WorkloadWarmup   3: 1048576 op, 606778000.00 ns, 578.6686 ns/op
WorkloadWarmup   4: 1048576 op, 610317800.00 ns, 582.0444 ns/op
WorkloadWarmup   5: 1048576 op, 605846900.00 ns, 577.7806 ns/op
WorkloadWarmup   6: 1048576 op, 607527800.00 ns, 579.3837 ns/op

// BeforeActualRun
WorkloadActual   1: 1048576 op, 606297800.00 ns, 578.2106 ns/op
WorkloadActual   2: 1048576 op, 613080800.00 ns, 584.6794 ns/op
WorkloadActual   3: 1048576 op, 610996600.00 ns, 582.6918 ns/op
WorkloadActual   4: 1048576 op, 608154100.00 ns, 579.9809 ns/op
WorkloadActual   5: 1048576 op, 617763200.00 ns, 589.1449 ns/op
WorkloadActual   6: 1048576 op, 604731000.00 ns, 576.7164 ns/op
WorkloadActual   7: 1048576 op, 621722900.00 ns, 592.9212 ns/op
WorkloadActual   8: 1048576 op, 619885300.00 ns, 591.1687 ns/op
WorkloadActual   9: 1048576 op, 611124400.00 ns, 582.8136 ns/op
WorkloadActual  10: 1048576 op, 596661400.00 ns, 569.0207 ns/op
WorkloadActual  11: 1048576 op, 609671000.00 ns, 581.4276 ns/op
WorkloadActual  12: 1048576 op, 612701700.00 ns, 584.3179 ns/op
WorkloadActual  13: 1048576 op, 609167000.00 ns, 580.9469 ns/op
WorkloadActual  14: 1048576 op, 597900000.00 ns, 570.2019 ns/op
WorkloadActual  15: 1048576 op, 603376200.00 ns, 575.4244 ns/op

// AfterActualRun
WorkloadResult   1: 1048576 op, 602560600.00 ns, 574.6466 ns/op
WorkloadResult   2: 1048576 op, 609343600.00 ns, 581.1153 ns/op
WorkloadResult   3: 1048576 op, 607259400.00 ns, 579.1277 ns/op
WorkloadResult   4: 1048576 op, 604416900.00 ns, 576.4169 ns/op
WorkloadResult   5: 1048576 op, 614026000.00 ns, 585.5808 ns/op
WorkloadResult   6: 1048576 op, 600993800.00 ns, 573.1524 ns/op
WorkloadResult   7: 1048576 op, 617985700.00 ns, 589.3571 ns/op
WorkloadResult   8: 1048576 op, 616148100.00 ns, 587.6046 ns/op
WorkloadResult   9: 1048576 op, 607387200.00 ns, 579.2496 ns/op
WorkloadResult  10: 1048576 op, 592924200.00 ns, 565.4566 ns/op
WorkloadResult  11: 1048576 op, 605933800.00 ns, 577.8635 ns/op
WorkloadResult  12: 1048576 op, 608964500.00 ns, 580.7538 ns/op
WorkloadResult  13: 1048576 op, 605429800.00 ns, 577.3829 ns/op
WorkloadResult  14: 1048576 op, 594162800.00 ns, 566.6378 ns/op
WorkloadResult  15: 1048576 op, 599639000.00 ns, 571.8603 ns/op
GC:  82 0 0 343932928 1048576

// AfterAll

Mean = 577.7471 ns, StdErr = 1.7723 ns (0.31%); N = 15, StdDev = 6.8642 ns
Min = 565.4566 ns, Q1 = 573.1524 ns, Median = 577.8635 ns, Q3 = 581.1153 ns, Max = 589.3571 ns
IQR = 7.9630 ns, LowerFence = 561.2079 ns, UpperFence = 593.0598 ns
ConfidenceInterval = [570.4088 ns; 585.0853 ns] (CI 99.9%), Margin = 7.3383 ns (1.27% of Mean)
Skewness = -0.1, Kurtosis = 2.14, MValue = 2

// **************************
// Benchmark: DictionaryPerf.SerializeIReadOnlyDict: Job-MPWNJU(Runtime=Core, Toolchain=CoreRun)
// *** Execute ***
// Launch: 1 / 1
// Execute: D:\repos\corefx\artifacts\bin\runtime\9f02e737-4657-4516-a212-5d3e6b9c90d3\CoreRun.exe "63adafb0-baa2-447d-a36d-1fee4f1cc4bd.dll" --benchmarkName "SerializerDictSupport.DictionaryPerf.SerializeIReadOnlyDict" --job "Runtime=Core, Toolchain=CoreRun" --benchmarkId 5 in D:\benchmarks\SerializerDictSupport\bin\Release\netcoreapp3.0\63adafb0-baa2-447d-a36d-1fee4f1cc4bd\bin\Release\netcoreapp3.0\publish
// BeforeAnythingElse

// Benchmark Process Environment Information:
// Runtime=.NET Core ? (CoreCLR 3.0.19.27171, CoreFX 4.700.19.27801), 64bit RyuJIT
// GC=Concurrent Workstation
// Job: Job-LTLKOP(Runtime=Core)

OverheadJitting  1: 1 op, 332200.00 ns, 332.2000 us/op
WorkloadJitting  1: 1 op, 19142200.00 ns, 19.1422 ms/op

OverheadJitting  2: 16 op, 693200.00 ns, 43.3250 us/op
WorkloadJitting  2: 16 op, 676800.00 ns, 42.3000 us/op

WorkloadPilot    1: 16 op, 32500.00 ns, 2.0312 us/op
WorkloadPilot    2: 32 op, 45700.00 ns, 1.4281 us/op
WorkloadPilot    3: 64 op, 112800.00 ns, 1.7625 us/op
WorkloadPilot    4: 128 op, 191900.00 ns, 1.4992 us/op
WorkloadPilot    5: 256 op, 389500.00 ns, 1.5215 us/op
WorkloadPilot    6: 512 op, 716000.00 ns, 1.3984 us/op
WorkloadPilot    7: 1024 op, 1490600.00 ns, 1.4557 us/op
WorkloadPilot    8: 2048 op, 2673500.00 ns, 1.3054 us/op
WorkloadPilot    9: 4096 op, 5264700.00 ns, 1.2853 us/op
WorkloadPilot   10: 8192 op, 11158200.00 ns, 1.3621 us/op
WorkloadPilot   11: 16384 op, 21403700.00 ns, 1.3064 us/op
WorkloadPilot   12: 32768 op, 41255900.00 ns, 1.2590 us/op
WorkloadPilot   13: 65536 op, 78569800.00 ns, 1.1989 us/op
WorkloadPilot   14: 131072 op, 88065800.00 ns, 671.8887 ns/op
WorkloadPilot   15: 262144 op, 169937700.00 ns, 648.2609 ns/op
WorkloadPilot   16: 524288 op, 303483000.00 ns, 578.8479 ns/op
WorkloadPilot   17: 1048576 op, 605042900.00 ns, 577.0139 ns/op

OverheadWarmup   1: 1048576 op, 3660500.00 ns, 3.4909 ns/op
OverheadWarmup   2: 1048576 op, 3681100.00 ns, 3.5106 ns/op
OverheadWarmup   3: 1048576 op, 3675400.00 ns, 3.5051 ns/op
OverheadWarmup   4: 1048576 op, 3702100.00 ns, 3.5306 ns/op
OverheadWarmup   5: 1048576 op, 3689400.00 ns, 3.5185 ns/op

OverheadActual   1: 1048576 op, 3973800.00 ns, 3.7897 ns/op
OverheadActual   2: 1048576 op, 3644700.00 ns, 3.4759 ns/op
OverheadActual   3: 1048576 op, 3630500.00 ns, 3.4623 ns/op
OverheadActual   4: 1048576 op, 3683700.00 ns, 3.5131 ns/op
OverheadActual   5: 1048576 op, 3652700.00 ns, 3.4835 ns/op
OverheadActual   6: 1048576 op, 3858500.00 ns, 3.6798 ns/op
OverheadActual   7: 1048576 op, 3669200.00 ns, 3.4992 ns/op
OverheadActual   8: 1048576 op, 3869600.00 ns, 3.6903 ns/op
OverheadActual   9: 1048576 op, 3644000.00 ns, 3.4752 ns/op
OverheadActual  10: 1048576 op, 3825200.00 ns, 3.6480 ns/op
OverheadActual  11: 1048576 op, 3739000.00 ns, 3.5658 ns/op
OverheadActual  12: 1048576 op, 3715700.00 ns, 3.5436 ns/op
OverheadActual  13: 1048576 op, 3700100.00 ns, 3.5287 ns/op
OverheadActual  14: 1048576 op, 3909700.00 ns, 3.7286 ns/op
OverheadActual  15: 1048576 op, 3656000.00 ns, 3.4866 ns/op

WorkloadWarmup   1: 1048576 op, 601510800.00 ns, 573.6454 ns/op
WorkloadWarmup   2: 1048576 op, 595505400.00 ns, 567.9182 ns/op
WorkloadWarmup   3: 1048576 op, 594009200.00 ns, 566.4913 ns/op
WorkloadWarmup   4: 1048576 op, 602520700.00 ns, 574.6085 ns/op
WorkloadWarmup   5: 1048576 op, 608688500.00 ns, 580.4906 ns/op
WorkloadWarmup   6: 1048576 op, 601646800.00 ns, 573.7751 ns/op
WorkloadWarmup   7: 1048576 op, 598406500.00 ns, 570.6849 ns/op
WorkloadWarmup   8: 1048576 op, 606524200.00 ns, 578.4266 ns/op
WorkloadWarmup   9: 1048576 op, 594030100.00 ns, 566.5112 ns/op

// BeforeActualRun
WorkloadActual   1: 1048576 op, 592487300.00 ns, 565.0399 ns/op
WorkloadActual   2: 1048576 op, 594584300.00 ns, 567.0398 ns/op
WorkloadActual   3: 1048576 op, 593597600.00 ns, 566.0988 ns/op
WorkloadActual   4: 1048576 op, 608466500.00 ns, 580.2789 ns/op
WorkloadActual   5: 1048576 op, 608642100.00 ns, 580.4463 ns/op
WorkloadActual   6: 1048576 op, 595145400.00 ns, 567.5749 ns/op
WorkloadActual   7: 1048576 op, 615434700.00 ns, 586.9243 ns/op
WorkloadActual   8: 1048576 op, 616351400.00 ns, 587.7985 ns/op
WorkloadActual   9: 1048576 op, 600125300.00 ns, 572.3241 ns/op
WorkloadActual  10: 1048576 op, 593361800.00 ns, 565.8739 ns/op
WorkloadActual  11: 1048576 op, 592682000.00 ns, 565.2256 ns/op
WorkloadActual  12: 1048576 op, 600212600.00 ns, 572.4073 ns/op
WorkloadActual  13: 1048576 op, 601674500.00 ns, 573.8015 ns/op
WorkloadActual  14: 1048576 op, 591088600.00 ns, 563.7060 ns/op
WorkloadActual  15: 1048576 op, 600866900.00 ns, 573.0313 ns/op

// AfterActualRun
WorkloadResult   1: 1048576 op, 588787200.00 ns, 561.5112 ns/op
WorkloadResult   2: 1048576 op, 590884200.00 ns, 563.5111 ns/op
WorkloadResult   3: 1048576 op, 589897500.00 ns, 562.5701 ns/op
WorkloadResult   4: 1048576 op, 604766400.00 ns, 576.7502 ns/op
WorkloadResult   5: 1048576 op, 604942000.00 ns, 576.9176 ns/op
WorkloadResult   6: 1048576 op, 591445300.00 ns, 564.0462 ns/op
WorkloadResult   7: 1048576 op, 611734600.00 ns, 583.3956 ns/op
WorkloadResult   8: 1048576 op, 612651300.00 ns, 584.2698 ns/op
WorkloadResult   9: 1048576 op, 596425200.00 ns, 568.7954 ns/op
WorkloadResult  10: 1048576 op, 589661700.00 ns, 562.3452 ns/op
WorkloadResult  11: 1048576 op, 588981900.00 ns, 561.6969 ns/op
WorkloadResult  12: 1048576 op, 596512500.00 ns, 568.8787 ns/op
WorkloadResult  13: 1048576 op, 597974400.00 ns, 570.2728 ns/op
WorkloadResult  14: 1048576 op, 587388500.00 ns, 560.1773 ns/op
WorkloadResult  15: 1048576 op, 597166800.00 ns, 569.5026 ns/op
GC:  82 0 0 343932928 1048576

// AfterAll

Mean = 568.9761 ns, StdErr = 2.0617 ns (0.36%); N = 15, StdDev = 7.9849 ns
Min = 560.1773 ns, Q1 = 562.3452 ns, Median = 568.7954 ns, Q3 = 576.7502 ns, Max = 584.2698 ns
IQR = 14.4050 ns, LowerFence = 540.7378 ns, UpperFence = 598.3576 ns
ConfidenceInterval = [560.4397 ns; 577.5124 ns] (CI 99.9%), Margin = 8.5364 ns (1.50% of Mean)
Skewness = 0.68, Kurtosis = 2.01, MValue = 2

Successfully reverted power plan (GUID: 381b4222-f694-41f0-9685-ff5bb260df2e FriendlyName: Balanced)
// ***** BenchmarkRunner: Finish  *****

// * Export *
  results\overall\before\results\SerializerDictSupport.DictionaryPerf-report.csv
  results\overall\before\results\SerializerDictSupport.DictionaryPerf-report-github.md
  results\overall\before\results\SerializerDictSupport.DictionaryPerf-report.html
  results\overall\before\results\SerializerDictSupport.DictionaryPerf-report-full.json

// * Detailed results *
DictionaryPerf.DeserializeDict: Job-MPWNJU(Runtime=Core, Toolchain=CoreRun)
Runtime = .NET Core ? (CoreCLR 3.0.19.27171, CoreFX 4.700.19.27801), 64bit RyuJIT; GC = Concurrent Workstation
Mean = 688.9133 ns, StdErr = 3.2492 ns (0.47%); N = 16, StdDev = 12.9966 ns
Min = 671.8939 ns, Q1 = 679.6494 ns, Median = 684.2050 ns, Q3 = 698.7680 ns, Max = 717.9143 ns
IQR = 19.1185 ns, LowerFence = 650.9716 ns, UpperFence = 727.4458 ns
ConfidenceInterval = [675.6802 ns; 702.1464 ns] (CI 99.9%), Margin = 13.2331 ns (1.92% of Mean)
Skewness = 0.63, Kurtosis = 2.28, MValue = 2
-------------------- Histogram --------------------
[667.381 ns ; 687.404 ns) | @@@@@@@@@
[687.404 ns ; 722.427 ns) | @@@@@@@
---------------------------------------------------

DictionaryPerf.DeserializeIDict: Job-MPWNJU(Runtime=Core, Toolchain=CoreRun)
Runtime = .NET Core ? (CoreCLR 3.0.19.27171, CoreFX 4.700.19.27801), 64bit RyuJIT; GC = Concurrent Workstation
Mean = 690.3754 ns, StdErr = 3.7200 ns (0.54%); N = 29, StdDev = 20.0330 ns
Min = 660.6791 ns, Q1 = 670.4661 ns, Median = 692.8649 ns, Q3 = 708.5132 ns, Max = 727.7278 ns
IQR = 38.0471 ns, LowerFence = 613.3955 ns, UpperFence = 765.5838 ns
ConfidenceInterval = [676.7083 ns; 704.0424 ns] (CI 99.9%), Margin = 13.6671 ns (1.98% of Mean)
Skewness = 0.06, Kurtosis = 1.59, MValue = 3.08
-------------------- Histogram --------------------
[654.974 ns ; 675.564 ns) | @@@@@@@@@@@
[675.564 ns ; 690.502 ns) | @@@
[690.502 ns ; 705.979 ns) | @@@@@@@
[705.979 ns ; 733.433 ns) | @@@@@@@@
---------------------------------------------------

DictionaryPerf.DeserializeIReadOnlyDict: Job-MPWNJU(Runtime=Core, Toolchain=CoreRun)
Runtime = .NET Core ? (CoreCLR 3.0.19.27171, CoreFX 4.700.19.27801), 64bit RyuJIT; GC = Concurrent Workstation
Mean = 702.5291 ns, StdErr = 5.0758 ns (0.72%); N = 16, StdDev = 20.3030 ns
Min = 678.4182 ns, Q1 = 688.5302 ns, Median = 698.9347 ns, Q3 = 707.8805 ns, Max = 751.9083 ns
IQR = 19.3504 ns, LowerFence = 659.5046 ns, UpperFence = 736.9061 ns
ConfidenceInterval = [681.8567 ns; 723.2014 ns] (CI 99.9%), Margin = 20.6723 ns (2.94% of Mean)
Skewness = 1.08, Kurtosis = 3.22, MValue = 2
-------------------- Histogram --------------------
[671.368 ns ; 687.154 ns) | @@@
[687.154 ns ; 701.254 ns) | @@@@@@@
[701.254 ns ; 728.079 ns) | @@@@
[728.079 ns ; 753.472 ns) | @@
---------------------------------------------------

DictionaryPerf.SerializeDict: Job-MPWNJU(Runtime=Core, Toolchain=CoreRun)
Runtime = .NET Core ? (CoreCLR 3.0.19.27171, CoreFX 4.700.19.27801), 64bit RyuJIT; GC = Concurrent Workstation
Mean = 624.0895 ns, StdErr = 5.2599 ns (0.84%); N = 94, StdDev = 50.9962 ns
Min = 571.2457 ns, Q1 = 588.2858 ns, Median = 603.7885 ns, Q3 = 634.7779 ns, Max = 753.4304 ns
IQR = 46.4921 ns, LowerFence = 518.5477 ns, UpperFence = 704.5161 ns
ConfidenceInterval = [606.2153 ns; 641.9638 ns] (CI 99.9%), Margin = 17.8742 ns (2.86% of Mean)
Skewness = 1.16, Kurtosis = 2.99, MValue = 2.3
-------------------- Histogram --------------------
[561.432 ns ; 575.076 ns) | @@@
[575.076 ns ; 594.704 ns) | @@@@@@@@@@@@@@@@@@@@@@@@@@@@@@@@@@@
[594.704 ns ; 614.349 ns) | @@@@@@@@@@@@@@@@@@@@@
[614.349 ns ; 636.560 ns) | @@@@@@@@@@@@
[636.560 ns ; 663.224 ns) | @@
[663.224 ns ; 682.851 ns) | @@@@@
[682.851 ns ; 703.723 ns) | @
[703.723 ns ; 723.351 ns) | @@@@@@@@@@
[723.351 ns ; 756.665 ns) | @@@@@
---------------------------------------------------

DictionaryPerf.SerializeIDict: Job-MPWNJU(Runtime=Core, Toolchain=CoreRun)
Runtime = .NET Core ? (CoreCLR 3.0.19.27171, CoreFX 4.700.19.27801), 64bit RyuJIT; GC = Concurrent Workstation
Mean = 577.7471 ns, StdErr = 1.7723 ns (0.31%); N = 15, StdDev = 6.8642 ns
Min = 565.4566 ns, Q1 = 573.1524 ns, Median = 577.8635 ns, Q3 = 581.1153 ns, Max = 589.3571 ns
IQR = 7.9630 ns, LowerFence = 561.2079 ns, UpperFence = 593.0598 ns
ConfidenceInterval = [570.4088 ns; 585.0853 ns] (CI 99.9%), Margin = 7.3383 ns (1.27% of Mean)
Skewness = -0.1, Kurtosis = 2.14, MValue = 2
-------------------- Histogram --------------------
[563.021 ns ; 591.793 ns) | @@@@@@@@@@@@@@@
---------------------------------------------------

DictionaryPerf.SerializeIReadOnlyDict: Job-MPWNJU(Runtime=Core, Toolchain=CoreRun)
Runtime = .NET Core ? (CoreCLR 3.0.19.27171, CoreFX 4.700.19.27801), 64bit RyuJIT; GC = Concurrent Workstation
Mean = 568.9761 ns, StdErr = 2.0617 ns (0.36%); N = 15, StdDev = 7.9849 ns
Min = 560.1773 ns, Q1 = 562.3452 ns, Median = 568.7954 ns, Q3 = 576.7502 ns, Max = 584.2698 ns
IQR = 14.4050 ns, LowerFence = 540.7378 ns, UpperFence = 598.3576 ns
ConfidenceInterval = [560.4397 ns; 577.5124 ns] (CI 99.9%), Margin = 8.5364 ns (1.50% of Mean)
Skewness = 0.68, Kurtosis = 2.01, MValue = 2
-------------------- Histogram --------------------
[557.344 ns ; 575.229 ns) | @@@@@@@@@@@
[575.229 ns ; 587.103 ns) | @@@@
---------------------------------------------------

// * Summary *

BenchmarkDotNet=v0.11.5, OS=Windows 10.0.17763.503 (1809/October2018Update/Redstone5)
Intel Core i7-7700 CPU 3.60GHz (Kaby Lake), 1 CPU, 8 logical and 4 physical cores
.NET Core SDK=3.0.100-preview6-012096
  [Host]     : .NET Core 3.0.0-preview6-27727-02 (CoreCLR 3.0.19.27471, CoreFX 4.700.19.27408), 64bit RyuJIT
  Job-MPWNJU : .NET Core ? (CoreCLR 3.0.19.27171, CoreFX 4.700.19.27801), 64bit RyuJIT

Runtime=Core  Toolchain=CoreRun  

|                   Method |     Mean |     Error |    StdDev |   Median |  Gen 0 | Gen 1 | Gen 2 | Allocated |
|------------------------- |---------:|----------:|----------:|---------:|-------:|------:|------:|----------:|
|          DeserializeDict | 688.9 ns | 13.233 ns | 12.997 ns | 684.2 ns | 0.0992 |     - |     - |     416 B |
|         DeserializeIDict | 690.4 ns | 13.667 ns | 20.033 ns | 692.9 ns | 0.0992 |     - |     - |     416 B |
| DeserializeIReadOnlyDict | 702.5 ns | 20.672 ns | 20.303 ns | 698.9 ns | 0.0992 |     - |     - |     416 B |
|            SerializeDict | 624.1 ns | 17.874 ns | 50.996 ns | 603.8 ns | 0.0782 |     - |     - |     328 B |
|           SerializeIDict | 577.7 ns |  7.338 ns |  6.864 ns | 577.9 ns | 0.0782 |     - |     - |     328 B |
|   SerializeIReadOnlyDict | 569.0 ns |  8.536 ns |  7.985 ns | 568.8 ns | 0.0782 |     - |     - |     328 B |

// * Warnings *
MultimodalDistribution
  DictionaryPerf.DeserializeIDict: Runtime=Core, Toolchain=CoreRun -> It seems that the distribution can have several modes (mValue = 3.08)

// * Hints *
Outliers
  DictionaryPerf.DeserializeDict: Runtime=Core, Toolchain=CoreRun          -> 3 outliers were removed (763.22 ns..831.73 ns)
  DictionaryPerf.DeserializeIDict: Runtime=Core, Toolchain=CoreRun         -> 1 outlier  was  removed (770.10 ns)
  DictionaryPerf.DeserializeIReadOnlyDict: Runtime=Core, Toolchain=CoreRun -> 1 outlier  was  removed (907.51 ns)
  DictionaryPerf.SerializeDict: Runtime=Core, Toolchain=CoreRun            -> 6 outliers were removed (830.72 ns..944.28 ns)

// * Legends *
  Mean      : Arithmetic mean of all measurements
  Error     : Half of 99.9% confidence interval
  StdDev    : Standard deviation of all measurements
  Median    : Value separating the higher half of all measurements (50th percentile)
  Gen 0     : GC Generation 0 collects per 1000 operations
  Gen 1     : GC Generation 1 collects per 1000 operations
  Gen 2     : GC Generation 2 collects per 1000 operations
  Allocated : Allocated memory per single operation (managed only, inclusive, 1KB = 1024B)
  1 ns      : 1 Nanosecond (0.000000001 sec)

// * Diagnostic Output - MemoryDiagnoser *


// ***** BenchmarkRunner: End *****
// ** Remained 0 benchmark(s) to run **
Run time: 00:03:05 (185.46 sec), executed benchmarks: 6

Global total time: 00:03:22 (202.72 sec), executed benchmarks: 6
// * Artifacts cleanup *
